<?xml version="1.0" encoding="UTF-8"?>
<robot generator="Robot 5.0.1 (Python 3.9.7 on win32)" generated="20220707 14:56:17.287" rpa="false" schemaversion="3">
<suite id="s1" name="T KYC" source="D:\PycharmProjects\Klivvr_Mobile_Automation\TestCases\T_KYC.robot">
<test id="s1-t1" name="KYC Full PROCESS TC" line="14">
<kw name="KYC Full Process">
<arg>1114173323</arg>
<arg>1234</arg>
<arg>Abcdefg_1</arg>
<arg>Israa Adel Ahmed</arg>
<arg>Female</arg>
<arg>1425789658974510</arg>
<arg>8 Bulding 2, New Cairo</arg>
<arg>Cairo</arg>
<arg>Cairo</arg>
<arg>Al Manial</arg>
<arg>${Dateofbirth}</arg>
<arg>Belgium</arg>
<arg>Software Testing</arg>
<arg>Software Testing</arg>
<arg>Testing Geeks</arg>
<arg>Building 20, Al-Dokki</arg>
<arg>Flat 28, Buliding 40, Chicago, USA</arg>
<arg>11554</arg>
<arg>8326545874</arg>
<arg>323256348</arg>
<arg>Chicago</arg>
<arg>874598745874</arg>
<arg>741258963</arg>
<arg>Tourism</arg>
<arg>Mazen Faried Ahmed</arg>
<arg>Building 29, Cuba</arg>
<arg>Cuba</arg>
<arg>Comercial</arg>
<arg>Transfer Money</arg>
<arg>Flat 55, Building 22, Cairo</arg>
<arg>Red Sea</arg>
<arg>Hurghada</arg>
<kw name="Run Automatic Appium Server" library="P_Common">
<kw name="Start Process" library="Process">
<arg>appium -a localhost -p 4723</arg>
<arg>shell=True</arg>
<arg>alias=appiumserver</arg>
<arg>stdout=D:\\PycharmProjects\\Klivvr_Mobile_Automation\\POM/appium_stdout.txt</arg>
<arg>stderr=D:\\PycharmProjects\\Klivvr_Mobile_Automation\\POM/appium_stderr.txt</arg>
<doc>Starts a new process on background.</doc>
<msg timestamp="20220707 14:56:19.370" level="INFO">Starting process:
appium -a localhost -p 4723</msg>
<status status="PASS" starttime="20220707 14:56:19.369" endtime="20220707 14:56:19.374"/>
</kw>
<kw name="Process Should Be Running" library="Process">
<arg>appiumserver</arg>
<doc>Verifies that the process is running.</doc>
<status status="PASS" starttime="20220707 14:56:19.374" endtime="20220707 14:56:19.375"/>
</kw>
<kw name="Sleep" library="BuiltIn">
<arg>10s</arg>
<doc>Pauses the test executed for the given time.</doc>
<msg timestamp="20220707 14:56:29.386" level="INFO">Slept 10 seconds</msg>
<status status="PASS" starttime="20220707 14:56:19.375" endtime="20220707 14:56:29.386"/>
</kw>
<status status="PASS" starttime="20220707 14:56:19.368" endtime="20220707 14:56:29.386"/>
</kw>
<kw name="Open APP" library="P_Common">
<kw name="Open Application" library="AppiumLibrary">
<arg>http://localhost:4723/wd/hub</arg>
<arg>platformName=Android</arg>
<arg>deviceName=emulator-5556</arg>
<arg>appPackage=com.klivvr.consumer.qa</arg>
<arg>appActivity=com.klivvr.consumer.app.ui.splash.SplashActivity</arg>
<arg>automationName=Uiautomator2</arg>
<doc>Opens a new application to given Appium server.
Capabilities of appium server, Android and iOS,
Please check https://github.com/appium/appium/blob/master/docs/en/writing-running-appium/server-args.md
| *Option*            | *Man.* | *Description*     |
| remote_url          | Yes    | Appium server url |
| alias               | no     | alias             |</doc>
<status status="PASS" starttime="20220707 14:56:29.387" endtime="20220707 14:56:55.211"/>
</kw>
<kw name="Wait Until Keyword Succeeds" library="BuiltIn">
<arg>100s</arg>
<arg>1s</arg>
<arg>wait until page contains element</arg>
<arg>${GET_STARTED_BUTTON}</arg>
<doc>Runs the specified keyword and retries if it fails.</doc>
<kw name="Wait Until Page Contains Element" library="AppiumLibrary">
<arg>${GET_STARTED_BUTTON}</arg>
<doc>Waits until element specified with `locator` appears on current page.</doc>
<msg timestamp="20220707 14:57:04.975" level="INFO">&lt;?xml version='1.0' encoding='UTF-8' standalone='yes' ?&gt;
&lt;hierarchy index="0" class="hierarchy" rotation="0" width="1080" height="2148"&gt;
  &lt;android.widget.FrameLayout index="0" package="com.klivvr.consumer.qa" class="android.widget.FrameLayout" text="" checkable="false" checked="false" clickable="false" enabled="true" focusable="false" focused="false" long-clickable="false" password="false" scrollable="false" selected="false" bounds="[0,0][1080,2148]" displayed="true"&gt;
    &lt;android.widget.LinearLayout index="0" package="com.klivvr.consumer.qa" class="android.widget.LinearLayout" text="" checkable="false" checked="false" clickable="false" enabled="true" focusable="false" focused="false" long-clickable="false" password="false" scrollable="false" selected="false" bounds="[0,0][1080,2148]" displayed="true"&gt;
      &lt;android.widget.FrameLayout index="0" package="com.klivvr.consumer.qa" class="android.widget.FrameLayout" text="" checkable="false" checked="false" clickable="false" enabled="true" focusable="false" focused="false" long-clickable="false" password="false" scrollable="false" selected="false" bounds="[0,0][1080,2148]" displayed="true"&gt;
        &lt;android.widget.LinearLayout index="0" package="com.klivvr.consumer.qa" class="android.widget.LinearLayout" text="" resource-id="com.klivvr.consumer.qa:id/action_bar_root" checkable="false" checked="false" clickable="false" enabled="true" focusable="false" focused="false" long-clickable="false" password="false" scrollable="false" selected="false" bounds="[0,0][1080,2148]" displayed="true"&gt;
          &lt;android.widget.FrameLayout index="0" package="com.klivvr.consumer.qa" class="android.widget.FrameLayout" text="" resource-id="android:id/content" checkable="false" checked="false" clickable="false" enabled="true" focusable="false" focused="false" long-clickable="false" password="false" scrollable="false" selected="false" bounds="[0,0][1080,2148]" displayed="true"&gt;
            &lt;android.view.ViewGroup index="0" package="com.klivvr.consumer.qa" class="android.view.ViewGroup" text="" resource-id="com.klivvr.consumer.qa:id/cl_parent" checkable="false" checked="false" clickable="false" enabled="true" focusable="false" focused="false" long-clickable="false" password="false" scrollable="false" selected="false" bounds="[0,0][1080,2148]" displayed="true"&gt;
              &lt;android.view.ViewGroup index="0" package="com.klivvr.consumer.qa" class="android.view.ViewGroup" text="" resource-id="com.klivvr.consumer.qa:id/cl_mainActivity" checkable="false" checked="false" clickable="false" enabled="true" focusable="false" focused="false" long-clickable="false" password="false" scrollable="false" selected="false" bounds="[0,0][1080,2148]" displayed="true"&gt;
                &lt;android.widget.FrameLayout index="0" package="com.klivvr.consumer.qa" class="android.widget.FrameLayout" text="" resource-id="com.klivvr.consumer.qa:id/navigation_host" checkable="false" checked="false" clickable="false" enabled="true" focusable="false" focused="false" long-clickable="false" password="false" scrollable="false" selected="false" bounds="[0,0][1080,2148]" displayed="true"&gt;
                  &lt;android.widget.FrameLayout index="0" package="com.klivvr.consumer.qa" class="android.widget.FrameLayout" text="" resource-id="com.klivvr.consumer.qa:id/navigation_host" checkable="false" checked="false" clickable="false" enabled="true" focusable="false" focused="false" long-clickable="false" password="false" scrollable="false" selected="false" bounds="[0,0][1080,2148]" displayed="true"&gt;
                    &lt;android.widget.ScrollView index="0" package="com.klivvr.consumer.qa" class="android.widget.ScrollView" text="" checkable="false" checked="false" clickable="false" enabled="true" focusable="true" focused="true" long-clickable="false" password="false" scrollable="false" selected="false" bounds="[0,0][1080,2148]" displayed="true"&gt;
                      &lt;android.view.ViewGroup index="0" package="com.klivvr.consumer.qa" class="android.view.ViewGroup" text="" resource-id="com.klivvr.consumer.qa:id/cl_onboardingMain" checkable="false" checked="false" clickable="false" enabled="true" focusable="false" focused="false" long-clickable="false" password="false" scrollable="false" selected="false" bounds="[0,0][1080,2148]" displayed="true"&gt;
                        &lt;android.widget.FrameLayout index="0" package="com.klivvr.consumer.qa" class="android.widget.FrameLayout" text="" resource-id="com.klivvr.consumer.qa:id/layout_storyViewTouchLayout" checkable="false" checked="false" clickable="false" enabled="true" focusable="false" focused="false" long-clickable="false" password="false" scrollable="false" selected="false" bounds="[0,0][1080,2148]" displayed="true"&gt;
                          &lt;android.view.ViewGroup index="0" package="com.klivvr.consumer.qa" class="android.view.ViewGroup" text="" resource-id="com.klivvr.consumer.qa:id/constraintLayout" checkable="false" checked="false" clickable="false" enabled="true" focusable="false" focused="false" long-clickable="false" password="false" scrollable="false" selected="false" bounds="[0,0][1080,2148]" displayed="true"&gt;
                            &lt;android.widget.ImageView index="0" package="com.klivvr.consumer.qa" class="android.widget.ImageView" text="" content-desc="On-boarding Image" checkable="false" checked="false" clickable="false" enabled="true" focusable="false" focused="false" long-clickable="false" password="false" scrollable="false" selected="false" bounds="[0,0][1080,2148]" displayed="true" /&gt;
                            &lt;androidx.viewpager.widget.ViewPager index="1" package="com.klivvr.consumer.qa" class="androidx.viewpager.widget.ViewPager" text="" resource-id="com.klivvr.consumer.qa:id/viewPager_stories" checkable="false" checked="false" clickable="false" enabled="true" focusable="true" focused="false" long-clickable="false" password="false" scrollable="true" selected="false" bounds="[0,0][1080,2148]" displayed="true"&gt;
                              &lt;android.view.ViewGroup index="0" package="com.klivvr.consumer.qa" class="android.view.ViewGroup" text="" resource-id="com.klivvr.consumer.qa:id/cl_item_story_item" checkable="false" checked="false" clickable="false" enabled="true" focusable="false" focused="false" long-clickable="false" password="false" scrollable="false" selected="false" bounds="[0,0][1080,2148]" displayed="true"&gt;
                                &lt;android.widget.ImageView index="0" package="com.klivvr.consumer.qa" class="android.widget.ImageView" text="" content-desc="TODO" resource-id="com.klivvr.consumer.qa:id/mImageView" checkable="false" checked="false" clickable="false" enabled="true" focusable="false" focused="false" long-clickable="false" password="false" scrollable="false" selected="false" bounds="[0,0][1080,2148]" displayed="true" /&gt;
                              &lt;/android.view.ViewGroup&gt;
                            &lt;/androidx.viewpager.widget.ViewPager&gt;
                          &lt;/android.view.ViewGroup&gt;
                        &lt;/android.widget.FrameLayout&gt;
                        &lt;android.widget.ImageView index="2" package="com.klivvr.consumer.qa" class="android.widget.ImageView" text="" content-desc="klivvr logo" resource-id="com.klivvr.consumer.qa:id/image_logo" checkable="false" checked="false" clickable="false" enabled="true" focusable="false" focused="false" long-clickable="false" password="false" scrollable="false" selected="false" bounds="[304,220][777,418]" displayed="true" /&gt;
                        &lt;android.widget.TextView index="3" package="com.klivvr.consumer.qa" class="android.widget.TextView" text="Take control of your money" resource-id="com.klivvr.consumer.qa:id/tv_title" checkable="false" checked="false" clickable="false" enabled="true" focusable="false" focused="false" long-clickable="false" password="false" scrollable="false" selected="false" bounds="[61,1420][1019,1498]" displayed="true" /&gt;
                        &lt;android.widget.TextView index="4" package="com.klivvr.consumer.qa" class="android.widget.TextView" text="Clever spending and tracking All done in one place" resource-id="com.klivvr.consumer.qa:id/tv_body" checkable="false" checked="false" clickable="false" enabled="true" focusable="false" focused="false" long-clickable="false" password="false" scrollable="false" selected="false" bounds="[61,1520][1019,1639]" displayed="true" /&gt;
                        &lt;android.widget.Button index="5" package="com.klivvr.consumer.qa" class="android.widget.Button" text="Get Started" resource-id="com.klivvr.consumer.qa:id/btn_getStarted" checkable="false" checked="false" clickable="true" enabled="true" focusable="true" focused="false" long-clickable="false" password="false" scrollable="false" selected="false" bounds="[61,1705][1019,1852]" displayed="true" /&gt;
                        &lt;android.widget.Button index="6" package="com.klivvr.consumer.qa" class="android.widget.Button" text="Have an account? Log in" resource-id="com.klivvr.consumer.qa:id/btn_signIn" checkable="false" checked="false" clickable="true" enabled="true" focusable="true" focused="false" long-clickable="false" password="false" scrollable="false" selected="false" bounds="[61,1896][1019,2043]" displayed="true" /&gt;
                        &lt;android.widget.LinearLayout index="7" package="com.klivvr.consumer.qa" class="android.widget.LinearLayout" text="" resource-id="com.klivvr.consumer.qa:id/storiesProgressView" checkable="false" checked="false" clickable="false" enabled="true" focusable="false" focused="false" long-clickable="false" password="false" scrollable="false" selected="false" bounds="[61,2087][1019,2093]" displayed="true"&gt;
                          &lt;android.widget.FrameLayout index="0" package="com.klivvr.consumer.qa" class="android.widget.FrameLayout" text="" checkable="false" checked="false" clickable="false" enabled="true" focusable="false" focused="false" long-clickable="false" password="false" scrollable="false" selected="false" bounds="[61,2087][239,2093]" displayed="true"&gt;
                            &lt;android.widget.FrameLayout index="0" package="com.klivvr.consumer.qa" class="android.widget.FrameLayout" text="" checkable="false" checked="false" clickable="false" enabled="true" focusable="false" focused="false" long-clickable="false" password="false" scrollable="false" selected="false" bounds="[61,2087][239,2093]" displayed="true"&gt;
                              &lt;android.view.View index="0" package="com.klivvr.consumer.qa" class="android.view.View" text="" resource-id="com.klivvr.consumer.qa:id/back_progress" checkable="false" checked="false" clickable="false" enabled="true" focusable="false" focused="false" long-clickable="false" password="false" scrollable="false" selected="false" bounds="[61,2087][239,2093]" displayed="true" /&gt;
                              &lt;android.view.View index="1" package="com.klivvr.consumer.qa" class="android.view.View" text="" resource-id="com.klivvr.consumer.qa:id/front_progress" checkable="false" checked="false" clickable="false" enabled="true" focusable="false" focused="false" long-clickable="false" password="false" scrollable="false" selected="false" bounds="[61,2087][239,2093]" displayed="true" /&gt;
                            &lt;/android.widget.FrameLayout&gt;
                          &lt;/android.widget.FrameLayout&gt;
                          &lt;android.view.View index="1" package="com.klivvr.consumer.qa" class="android.view.View" text="" checkable="false" checked="false" clickable="false" enabled="true" focusable="false" focused="false" long-clickable="false" password="false" scrollable="false" selected="false" bounds="[239,2087][255,2093]" displayed="true" /&gt;
                          &lt;android.widget.FrameLayout index="2" package="com.klivvr.consumer.qa" class="android.widget.FrameLayout" text="" checkable="false" checked="false" clickable="false" enabled="true" focusable="false" focused="false" long-clickable="false" password="false" scrollable="false" selected="false" bounds="[255,2087][434,2093]" displayed="true"&gt;
                            &lt;android.widget.FrameLayout index="0" package="com.klivvr.consumer.qa" class="android.widget.FrameLayout" text="" checkable="false" checked="false" clickable="false" enabled="true" focusable="false" focused="false" long-clickable="false" password="false" scrollable="false" selected="false" bounds="[255,2087][434,2093]" displayed="true"&gt;
                              &lt;android.view.View index="0" package="com.klivvr.consumer.qa" class="android.view.View" text="" resource-id="com.klivvr.consumer.qa:id/back_progress" checkable="false" checked="false" clickable="false" enabled="true" focusable="false" focused="false" long-clickable="false" password="false" scrollable="false" selected="false" bounds="[255,2087][434,2093]" displayed="true" /&gt;
                            &lt;/android.widget.FrameLayout&gt;
                          &lt;/android.widget.FrameLayout&gt;
                          &lt;android.view.View index="3" package="com.klivvr.consumer.qa" class="android.view.View" text="" checkable="false" checked="false" clickable="false" enabled="true" focusable="false" focused="false" long-clickable="false" password="false" scrollable="false" selected="false" bounds="[434,2087][450,2093]" displayed="true" /&gt;
                          &lt;android.widget.FrameLayout index="4" package="com.klivvr.consumer.qa" class="android.widget.FrameLayout" text="" checkable="false" checked="false" clickable="false" enabled="true" focusable="false" focused="false" long-clickable="false" password="false" scrollable="false" selected="false" bounds="[450,2087][629,2093]" displayed="true"&gt;
                            &lt;android.widget.FrameLayout index="0" package="com.klivvr.consumer.qa" class="android.widget.FrameLayout" text="" checkable="false" checked="false" clickable="false" enabled="true" focusable="false" focused="false" long-clickable="false" password="false" scrollable="false" selected="false" bounds="[450,2087][629,2093]" displayed="true"&gt;
                              &lt;android.view.View index="0" package="com.klivvr.consumer.qa" class="android.view.View" text="" resource-id="com.klivvr.consumer.qa:id/back_progress" checkable="false" checked="false" clickable="false" enabled="true" focusable="false" focused="false" long-clickable="false" password="false" scrollable="false" selected="false" bounds="[450,2087][629,2093]" displayed="true" /&gt;
                            &lt;/android.widget.FrameLayout&gt;
                          &lt;/android.widget.FrameLayout&gt;
                          &lt;android.view.View index="5" package="com.klivvr.consumer.qa" class="android.view.View" text="" checkable="false" checked="false" clickable="false" enabled="true" focusable="false" focused="false" long-clickable="false" password="false" scrollable="false" selected="false" bounds="[629,2087][645,2093]" displayed="true" /&gt;
                          &lt;android.widget.FrameLayout index="6" package="com.klivvr.consumer.qa" class="android.widget.FrameLayout" text="" checkable="false" checked="false" clickable="false" enabled="true" focusable="false" focused="false" long-clickable="false" password="false" scrollable="false" selected="false" bounds="[645,2087][824,2093]" displayed="true"&gt;
                            &lt;android.widget.FrameLayout index="0" package="com.klivvr.consumer.qa" class="android.widget.FrameLayout" text="" checkable="false" checked="false" clickable="false" enabled="true" focusable="false" focused="false" long-clickable="false" password="false" scrollable="false" selected="false" bounds="[645,2087][824,2093]" displayed="true"&gt;
                              &lt;android.view.View index="0" package="com.klivvr.consumer.qa" class="android.view.View" text="" resource-id="com.klivvr.consumer.qa:id/back_progress" checkable="false" checked="false" clickable="false" enabled="true" focusable="false" focused="false" long-clickable="false" password="false" scrollable="false" selected="false" bounds="[645,2087][824,2093]" displayed="true" /&gt;
                            &lt;/android.widget.FrameLayout&gt;
                          &lt;/android.widget.FrameLayout&gt;
                          &lt;android.view.View index="7" package="com.klivvr.consumer.qa" class="android.view.View" text="" checkable="false" checked="false" clickable="false" enabled="true" focusable="false" focused="false" long-clickable="false" password="false" scrollable="false" selected="false" bounds="[824,2087][840,2093]" displayed="true" /&gt;
                          &lt;android.widget.FrameLayout index="8" package="com.klivvr.consumer.qa" class="android.widget.FrameLayout" text="" checkable="false" checked="false" clickable="false" enabled="true" focusable="false" focused="false" long-clickable="false" password="false" scrollable="false" selected="false" bounds="[840,2087][1019,2093]" displayed="true"&gt;
                            &lt;android.widget.FrameLayout index="0" package="com.klivvr.consumer.qa" class="android.widget.FrameLayout" text="" checkable="false" checked="false" clickable="false" enabled="true" focusable="false" focused="false" long-clickable="false" password="false" scrollable="false" selected="false" bounds="[840,2087][1019,2093]" displayed="true"&gt;
                              &lt;android.view.View index="0" package="com.klivvr.consumer.qa" class="android.view.View" text="" resource-id="com.klivvr.consumer.qa:id/back_progress" checkable="false" checked="false" clickable="false" enabled="true" focusable="false" focused="false" long-clickable="false" password="false" scrollable="false" selected="false" bounds="[840,2087][1019,2093]" displayed="true" /&gt;
                            &lt;/android.widget.FrameLayout&gt;
                          &lt;/android.widget.FrameLayout&gt;
                        &lt;/android.widget.LinearLayout&gt;
                      &lt;/android.view.ViewGroup&gt;
                    &lt;/android.widget.ScrollView&gt;
                  &lt;/android.widget.FrameLayout&gt;
                &lt;/android.widget.FrameLayout&gt;
              &lt;/android.view.ViewGroup&gt;
            &lt;/android.view.ViewGroup&gt;
          &lt;/android.widget.FrameLayout&gt;
        &lt;/android.widget.LinearLayout&gt;
      &lt;/android.widget.FrameLayout&gt;
    &lt;/android.widget.LinearLayout&gt;
  &lt;/android.widget.FrameLayout&gt;
&lt;/hierarchy&gt;</msg>
<kw name="Capture Page Screenshot" library="AppiumLibrary">
<doc>Takes a screenshot of the current page and embeds it into the log.</doc>
<msg timestamp="20220707 14:57:08.462" level="INFO" html="true">&lt;/td&gt;&lt;/tr&gt;&lt;tr&gt;&lt;td colspan="3"&gt;&lt;a href="appium-screenshot-1.png"&gt;&lt;img src="appium-screenshot-1.png" width="800px"&gt;&lt;/a&gt;</msg>
<status status="PASS" starttime="20220707 14:57:04.976" endtime="20220707 14:57:08.462"/>
</kw>
<msg timestamp="20220707 14:57:08.464" level="FAIL">Element '//android.widget.Button[@resource-id='com.klivvr.consumer.qa:id/btn_getStarted']' did not appear in 5 seconds</msg>
<status status="FAIL" starttime="20220707 14:56:55.212" endtime="20220707 14:57:08.464"/>
</kw>
<kw name="Wait Until Page Contains Element" library="AppiumLibrary">
<arg>${GET_STARTED_BUTTON}</arg>
<doc>Waits until element specified with `locator` appears on current page.</doc>
<status status="PASS" starttime="20220707 14:57:09.469" endtime="20220707 14:57:10.030"/>
</kw>
<status status="PASS" starttime="20220707 14:56:55.212" endtime="20220707 14:57:10.031"/>
</kw>
<status status="PASS" starttime="20220707 14:56:29.386" endtime="20220707 14:57:10.031"/>
</kw>
<kw name="Click Element" library="AppiumLibrary">
<arg>${SIGN_IN_BUTTON}</arg>
<doc>Click element identified by `locator`.</doc>
<msg timestamp="20220707 14:57:10.042" level="INFO">Clicking element '//android.widget.Button[@resource-id='com.klivvr.consumer.qa:id/btn_signIn']'.</msg>
<status status="PASS" starttime="20220707 14:57:10.031" endtime="20220707 14:57:11.815"/>
</kw>
<kw name="Wait Until Page Contains Element" library="AppiumLibrary">
<arg>${MOBILE_NUMBER_FIELD}</arg>
<doc>Waits until element specified with `locator` appears on current page.</doc>
<status status="PASS" starttime="20220707 14:57:11.816" endtime="20220707 14:57:13.814"/>
</kw>
<kw name="Input Text" library="AppiumLibrary">
<arg>${MOBILE_NUMBER_FIELD}</arg>
<arg>${MOBILE_NUMBER}</arg>
<doc>Types the given `text` into text field identified by `locator`.</doc>
<msg timestamp="20220707 14:57:13.826" level="INFO">Typing text '1114173323' into text field '//android.widget.EditText[@resource-id='com.klivvr.consumer.qa:id/textInputET_mobileNumber']'</msg>
<status status="PASS" starttime="20220707 14:57:13.814" endtime="20220707 14:57:15.793"/>
</kw>
<kw name="Click Element" library="AppiumLibrary">
<arg>${CONTINUE_BUTTON_NUMBER}</arg>
<doc>Click element identified by `locator`.</doc>
<msg timestamp="20220707 14:57:15.802" level="INFO">Clicking element '//android.widget.Button[@resource-id='com.klivvr.consumer.qa:id/btn_mobileNumber_verify']'.</msg>
<status status="PASS" starttime="20220707 14:57:15.794" endtime="20220707 14:57:16.775"/>
</kw>
<kw name="Wait Until Page Contains Element" library="AppiumLibrary">
<arg>${VERIFICATION_CODE_TEXT}</arg>
<doc>Waits until element specified with `locator` appears on current page.</doc>
<status status="PASS" starttime="20220707 14:57:16.775" endtime="20220707 14:57:19.383"/>
</kw>
<kw name="Input Text" library="AppiumLibrary">
<arg>${OTP_FIELD}</arg>
<arg>${OTP}</arg>
<doc>Types the given `text` into text field identified by `locator`.</doc>
<msg timestamp="20220707 14:57:19.387" level="INFO">Typing text '1234' into text field '//android.widget.EditText[@clickable="true"]'</msg>
<status status="PASS" starttime="20220707 14:57:19.383" endtime="20220707 14:57:19.548"/>
</kw>
<kw name="Wait Until Page Contains Element" library="AppiumLibrary">
<arg>${PASSWORD_REQUIRED}</arg>
<doc>Waits until element specified with `locator` appears on current page.</doc>
<status status="PASS" starttime="20220707 14:57:19.548" endtime="20220707 14:57:21.842"/>
</kw>
<kw name="Input Text" library="AppiumLibrary">
<arg>${PASSWORD_FIELD}</arg>
<arg>${PASSWORD}</arg>
<doc>Types the given `text` into text field identified by `locator`.</doc>
<msg timestamp="20220707 14:57:21.849" level="INFO">Typing text 'Abcdefg_1' into text field '//android.widget.EditText[@resource-id='com.klivvr.consumer.qa:id/tIE_password']'</msg>
<status status="PASS" starttime="20220707 14:57:21.842" endtime="20220707 14:57:23.407"/>
</kw>
<kw name="Click Element" library="AppiumLibrary">
<arg>${LOGIN_BUTTON}</arg>
<doc>Click element identified by `locator`.</doc>
<msg timestamp="20220707 14:57:23.416" level="INFO">Clicking element '//android.widget.Button[@resource-id='com.klivvr.consumer.qa:id/btn_signInPasscode_signIn']'.</msg>
<status status="PASS" starttime="20220707 14:57:23.407" endtime="20220707 14:57:24.244"/>
</kw>
<kw name="Wait Until Keyword Succeeds" library="BuiltIn">
<arg>100s</arg>
<arg>1s</arg>
<arg>wait until page contains element</arg>
<arg>${VerifyUrIdentity_KYC}</arg>
<doc>Runs the specified keyword and retries if it fails.</doc>
<kw name="Wait Until Page Contains Element" library="AppiumLibrary">
<arg>${VerifyUrIdentity_KYC}</arg>
<doc>Waits until element specified with `locator` appears on current page.</doc>
<status status="PASS" starttime="20220707 14:57:24.245" endtime="20220707 14:57:29.377"/>
</kw>
<status status="PASS" starttime="20220707 14:57:24.244" endtime="20220707 14:57:29.377"/>
</kw>
<kw name="Click Element" library="AppiumLibrary">
<arg>${VerifyUrIdentity_KYC}</arg>
<doc>Click element identified by `locator`.</doc>
<msg timestamp="20220707 14:57:29.381" level="INFO">Clicking element '//android.view.ViewGroup[@resource-id='com.klivvr.consumer.qa:id/cl_btn_verifyIdentity']'.</msg>
<status status="PASS" starttime="20220707 14:57:29.377" endtime="20220707 14:57:29.474"/>
</kw>
<kw name="Wait Until Page Contains Element" library="AppiumLibrary">
<arg>${Page1Title_VerifyUrIdentity_KYC}</arg>
<doc>Waits until element specified with `locator` appears on current page.</doc>
<status status="PASS" starttime="20220707 14:57:29.474" endtime="20220707 14:57:31.337"/>
</kw>
<kw name="Input Text" library="AppiumLibrary">
<arg>${FullName_VerifyUrIdentity_KYC}</arg>
<arg>${FullNameData}</arg>
<doc>Types the given `text` into text field identified by `locator`.</doc>
<msg timestamp="20220707 14:57:31.342" level="INFO">Typing text 'Israa Adel Ahmed' into text field '//android.widget.EditText[@resource-id='com.klivvr.consumer.qa:id/textInputET_fullName']'</msg>
<status status="PASS" starttime="20220707 14:57:31.337" endtime="20220707 14:57:32.908"/>
</kw>
<kw name="Input Text" library="AppiumLibrary">
<arg>${GenderList_VerifyUrIdentity_KYC}</arg>
<arg>${Gender}</arg>
<doc>Types the given `text` into text field identified by `locator`.</doc>
<msg timestamp="20220707 14:57:32.915" level="INFO">Typing text 'Female' into text field '//android.widget.Spinner[@resource-id='com.klivvr.consumer.qa:id/textInputET_gender']'</msg>
<status status="PASS" starttime="20220707 14:57:32.908" endtime="20220707 14:57:34.196"/>
</kw>
<kw name="Sleep" library="BuiltIn">
<arg>2s</arg>
<doc>Pauses the test executed for the given time.</doc>
<msg timestamp="20220707 14:57:36.199" level="INFO">Slept 2 seconds</msg>
<status status="PASS" starttime="20220707 14:57:34.196" endtime="20220707 14:57:36.199"/>
</kw>
<kw name="Click Element" library="AppiumLibrary">
<arg>${GenderList_VerifyUrIdentity_KYC}</arg>
<doc>Click element identified by `locator`.</doc>
<msg timestamp="20220707 14:57:36.211" level="INFO">Clicking element '//android.widget.Spinner[@resource-id='com.klivvr.consumer.qa:id/textInputET_gender']'.</msg>
<status status="PASS" starttime="20220707 14:57:36.199" endtime="20220707 14:57:36.476"/>
</kw>
<kw name="Click Element" library="AppiumLibrary">
<arg>${IDNumber_VerifyUrIdentity_KYC}</arg>
<doc>Click element identified by `locator`.</doc>
<msg timestamp="20220707 14:57:36.483" level="INFO">Clicking element '//android.widget.EditText[@resource-id='com.klivvr.consumer.qa:id/textInputET_idNumber']'.</msg>
<status status="PASS" starttime="20220707 14:57:36.476" endtime="20220707 14:57:38.377"/>
</kw>
<kw name="Input Text" library="AppiumLibrary">
<arg>${IDNumber_VerifyUrIdentity_KYC}</arg>
<arg>${ID_Number}</arg>
<doc>Types the given `text` into text field identified by `locator`.</doc>
<msg timestamp="20220707 14:57:38.387" level="INFO">Typing text '1425789658974510' into text field '//android.widget.EditText[@resource-id='com.klivvr.consumer.qa:id/textInputET_idNumber']'</msg>
<status status="PASS" starttime="20220707 14:57:38.378" endtime="20220707 14:57:39.390"/>
</kw>
<kw name="Click Element" library="AppiumLibrary">
<arg>${ExpiryDate_VerifyUrIdentity_KYC}</arg>
<doc>Click element identified by `locator`.</doc>
<msg timestamp="20220707 14:57:39.395" level="INFO">Clicking element '//android.widget.EditText[@resource-id='com.klivvr.consumer.qa:id/textInputET_idExpiryDate']'.</msg>
<status status="PASS" starttime="20220707 14:57:39.390" endtime="20220707 14:57:40.192"/>
</kw>
<kw name="Wait Until Page Contains Element" library="AppiumLibrary">
<arg>${YearExpiryDate01_VerifyUrIdentity_KYC}</arg>
<doc>Waits until element specified with `locator` appears on current page.</doc>
<status status="PASS" starttime="20220707 14:57:40.193" endtime="20220707 14:57:41.201"/>
</kw>
<kw name="Click Element" library="AppiumLibrary">
<arg>${YearExpiryDate01_VerifyUrIdentity_KYC}</arg>
<doc>Click element identified by `locator`.</doc>
<msg timestamp="20220707 14:57:41.205" level="INFO">Clicking element '//android.widget.Button[@resource-id='com.klivvr.consumer.qa:id/month_navigation_fragment_toggle']'.</msg>
<status status="PASS" starttime="20220707 14:57:41.201" endtime="20220707 14:57:42.343"/>
</kw>
<kw name="Wait Until Page Contains Element" library="AppiumLibrary">
<arg>${YearExpiryDate02_VerifyUrIdentity_KYC}</arg>
<doc>Waits until element specified with `locator` appears on current page.</doc>
<status status="PASS" starttime="20220707 14:57:42.343" endtime="20220707 14:57:42.431"/>
</kw>
<kw name="Click Element" library="AppiumLibrary">
<arg>${YearExpiryDate02_VerifyUrIdentity_KYC}</arg>
<doc>Click element identified by `locator`.</doc>
<msg timestamp="20220707 14:57:42.437" level="INFO">Clicking element '//android.widget.TextView[@text='2026']'.</msg>
<status status="PASS" starttime="20220707 14:57:42.432" endtime="20220707 14:57:42.558"/>
</kw>
<kw name="Sleep" library="BuiltIn">
<arg>3s</arg>
<doc>Pauses the test executed for the given time.</doc>
<msg timestamp="20220707 14:57:45.570" level="INFO">Slept 3 seconds</msg>
<status status="PASS" starttime="20220707 14:57:42.558" endtime="20220707 14:57:45.570"/>
</kw>
<kw name="Click Element" library="AppiumLibrary">
<arg>${OKExpiryDate03_VerifyUrIdentity_KYC}</arg>
<doc>Click element identified by `locator`.</doc>
<msg timestamp="20220707 14:57:45.577" level="INFO">Clicking element '//android.widget.Button[@text='OK']'.</msg>
<status status="PASS" starttime="20220707 14:57:45.570" endtime="20220707 14:57:45.742"/>
</kw>
<kw name="Input Text" library="AppiumLibrary">
<arg>${Address_VerifyUrIdentity_KYC}</arg>
<arg>${Address}</arg>
<doc>Types the given `text` into text field identified by `locator`.</doc>
<msg timestamp="20220707 14:57:45.749" level="INFO">Typing text '8 Bulding 2, New Cairo' into text field '//android.widget.EditText[@resource-id='com.klivvr.consumer.qa:id/textInputET_homeAddress']'</msg>
<status status="PASS" starttime="20220707 14:57:45.743" endtime="20220707 14:57:47.207"/>
</kw>
<kw name="Click Element" library="AppiumLibrary">
<arg>${Government_VerifyUrIdentity_KYC}</arg>
<doc>Click element identified by `locator`.</doc>
<msg timestamp="20220707 14:57:47.213" level="INFO">Clicking element '//android.widget.Spinner[@resource-id='com.klivvr.consumer.qa:id/textInputET_governorate']'.</msg>
<status status="PASS" starttime="20220707 14:57:47.207" endtime="20220707 14:57:48.026"/>
</kw>
<kw name="Input Text" library="AppiumLibrary">
<arg>${Government_VerifyUrIdentity_KYC}</arg>
<arg>${Government}</arg>
<doc>Types the given `text` into text field identified by `locator`.</doc>
<msg timestamp="20220707 14:57:48.033" level="INFO">Typing text 'Cairo' into text field '//android.widget.Spinner[@resource-id='com.klivvr.consumer.qa:id/textInputET_governorate']'</msg>
<status status="PASS" starttime="20220707 14:57:48.027" endtime="20220707 14:57:49.456"/>
</kw>
<kw name="Click Element" library="AppiumLibrary">
<arg>${Area/District_VerifyUrIdentity_KYC}</arg>
<doc>Click element identified by `locator`.</doc>
<msg timestamp="20220707 14:57:49.467" level="INFO">Clicking element '//android.widget.Spinner[@resource-id='com.klivvr.consumer.qa:id/textInputET_area']'.</msg>
<status status="PASS" starttime="20220707 14:57:49.456" endtime="20220707 14:57:51.086"/>
</kw>
<kw name="Click Element" library="AppiumLibrary">
<arg>${Area/District_VerifyUrIdentity_KYC}</arg>
<doc>Click element identified by `locator`.</doc>
<msg timestamp="20220707 14:57:51.094" level="INFO">Clicking element '//android.widget.Spinner[@resource-id='com.klivvr.consumer.qa:id/textInputET_area']'.</msg>
<status status="PASS" starttime="20220707 14:57:51.086" endtime="20220707 14:57:51.295"/>
</kw>
<kw name="Input Text" library="AppiumLibrary">
<arg>${Area/District_VerifyUrIdentity_KYC}</arg>
<arg>${Area/District}</arg>
<doc>Types the given `text` into text field identified by `locator`.</doc>
<msg timestamp="20220707 14:57:51.299" level="INFO">Typing text 'Al Manial' into text field '//android.widget.Spinner[@resource-id='com.klivvr.consumer.qa:id/textInputET_area']'</msg>
<status status="PASS" starttime="20220707 14:57:51.295" endtime="20220707 14:57:52.360"/>
</kw>
<kw name="Click Element" library="AppiumLibrary">
<arg>${Government_VerifyUrIdentity_KYC}</arg>
<doc>Click element identified by `locator`.</doc>
<msg timestamp="20220707 14:57:52.365" level="INFO">Clicking element '//android.widget.Spinner[@resource-id='com.klivvr.consumer.qa:id/textInputET_governorate']'.</msg>
<status status="PASS" starttime="20220707 14:57:52.360" endtime="20220707 14:57:54.712"/>
</kw>
<kw name="Swipe" library="AppiumLibrary">
<arg>1000</arg>
<arg>1000</arg>
<arg>1000</arg>
<arg>0</arg>
<arg>1000</arg>
<doc>Swipe from one point to another point, for an optional duration.</doc>
<status status="PASS" starttime="20220707 14:57:54.712" endtime="20220707 14:57:57.591"/>
</kw>
<kw name="Click Element" library="AppiumLibrary">
<arg>${DateofBirth_VerifyUrIdentity_KYC}</arg>
<doc>Click element identified by `locator`.</doc>
<msg timestamp="20220707 14:57:57.598" level="INFO">Clicking element '//android.widget.EditText[@resource-id='com.klivvr.consumer.qa:id/textInputET_dateOfBirth']'.</msg>
<status status="PASS" starttime="20220707 14:57:57.591" endtime="20220707 14:57:58.981"/>
</kw>
<kw name="Wait Until Page Contains Element" library="AppiumLibrary">
<arg>${Edit01DateOfBirth_KYC}</arg>
<doc>Waits until element specified with `locator` appears on current page.</doc>
<status status="PASS" starttime="20220707 14:57:58.981" endtime="20220707 14:57:59.092"/>
</kw>
<kw name="Click Element" library="AppiumLibrary">
<arg>${Edit01DateOfBirth_KYC}</arg>
<doc>Click element identified by `locator`.</doc>
<msg timestamp="20220707 14:57:59.096" level="INFO">Clicking element '//android.widget.ImageButton[@resource-id='com.klivvr.consumer.qa:id/mtrl_picker_header_toggle']'.</msg>
<status status="PASS" starttime="20220707 14:57:59.093" endtime="20220707 14:57:59.362"/>
</kw>
<kw name="Wait Until Page Contains Element" library="AppiumLibrary">
<arg>${Edit02DateOfBirth_KYC}</arg>
<doc>Waits until element specified with `locator` appears on current page.</doc>
<status status="PASS" starttime="20220707 14:57:59.363" endtime="20220707 14:57:59.980"/>
</kw>
<kw name="Clear Text" library="AppiumLibrary">
<arg>${Edit02DateOfBirth_KYC}</arg>
<doc>Clears the text field identified by `locator`.</doc>
<msg timestamp="20220707 14:57:59.989" level="INFO">Clear text field '//android.widget.EditText[@index='0']'</msg>
<status status="PASS" starttime="20220707 14:57:59.981" endtime="20220707 14:58:01.108"/>
</kw>
<kw name="Sleep" library="BuiltIn">
<arg>2s</arg>
<doc>Pauses the test executed for the given time.</doc>
<msg timestamp="20220707 14:58:03.120" level="INFO">Slept 2 seconds</msg>
<status status="PASS" starttime="20220707 14:58:01.108" endtime="20220707 14:58:03.120"/>
</kw>
<kw name="Click Element" library="AppiumLibrary">
<arg>${Edit03DateOfBirth_KYC}</arg>
<doc>Click element identified by `locator`.</doc>
<msg timestamp="20220707 14:58:03.126" level="INFO">Clicking element '//android.widget.EditText[@index='1']'.</msg>
<status status="PASS" starttime="20220707 14:58:03.120" endtime="20220707 14:58:03.790"/>
</kw>
<kw name="Input Text" library="AppiumLibrary">
<arg>${Edit03DateOfBirth_KYC}</arg>
<arg>${Dateofbirth}</arg>
<doc>Types the given `text` into text field identified by `locator`.</doc>
<msg timestamp="20220707 14:58:03.795" level="INFO">Typing text '11/13/96' into text field '//android.widget.EditText[@index='1']'</msg>
<status status="PASS" starttime="20220707 14:58:03.790" endtime="20220707 14:58:04.524"/>
</kw>
<kw name="Click Element" library="AppiumLibrary">
<arg>${OKEditDateOfBirth_KYC}</arg>
<doc>Click element identified by `locator`.</doc>
<msg timestamp="20220707 14:58:04.529" level="INFO">Clicking element '//android.widget.Button[@resource-id='com.klivvr.consumer.qa:id/confirm_button']'.</msg>
<status status="PASS" starttime="20220707 14:58:04.524" endtime="20220707 14:58:06.500"/>
</kw>
<kw name="Hide Keyboard" library="AppiumLibrary">
<doc>Hides the software keyboard on the device. (optional) In iOS, use `key_name` to press
a particular key, ex. `Done`. In Android, no parameters are used.</doc>
<status status="PASS" starttime="20220707 14:58:06.500" endtime="20220707 14:58:08.719"/>
</kw>
<kw name="Input Text" library="AppiumLibrary">
<arg>${CountryOfBirth_VerifyUrIdentity_KYC}</arg>
<arg>${CountryOfBirth}</arg>
<doc>Types the given `text` into text field identified by `locator`.</doc>
<msg timestamp="20220707 14:58:08.725" level="INFO">Typing text 'Belgium' into text field '//android.widget.Spinner[@resource-id='com.klivvr.consumer.qa:id/textInputET_countryOfBirth']'</msg>
<status status="PASS" starttime="20220707 14:58:08.719" endtime="20220707 14:58:09.652"/>
</kw>
<kw name="Click Element" library="AppiumLibrary">
<arg>${CountryOfBirth_VerifyUrIdentity_KYC}</arg>
<doc>Click element identified by `locator`.</doc>
<msg timestamp="20220707 14:58:09.656" level="INFO">Clicking element '//android.widget.Spinner[@resource-id='com.klivvr.consumer.qa:id/textInputET_countryOfBirth']'.</msg>
<status status="PASS" starttime="20220707 14:58:09.653" endtime="20220707 14:58:10.440"/>
</kw>
<kw name="Click Element" library="AppiumLibrary">
<arg>${Occupation_VerifyUrIdentity_KYC}</arg>
<doc>Click element identified by `locator`.</doc>
<msg timestamp="20220707 14:58:10.449" level="INFO">Clicking element '//android.widget.EditText[@resource-id='com.klivvr.consumer.qa:id/textInputET_occupation']'.</msg>
<status status="PASS" starttime="20220707 14:58:10.440" endtime="20220707 14:58:12.459"/>
</kw>
<kw name="Input Text" library="AppiumLibrary">
<arg>${Occupation_VerifyUrIdentity_KYC}</arg>
<arg>${Occupation}</arg>
<doc>Types the given `text` into text field identified by `locator`.</doc>
<msg timestamp="20220707 14:58:12.472" level="INFO">Typing text 'Software Testing' into text field '//android.widget.EditText[@resource-id='com.klivvr.consumer.qa:id/textInputET_occupation']'</msg>
<status status="PASS" starttime="20220707 14:58:12.459" endtime="20220707 14:58:13.490"/>
</kw>
<kw name="Input Text" library="AppiumLibrary">
<arg>${EmployerName_VerifyUrIdentity_KYC}</arg>
<arg>${EmployerName}</arg>
<doc>Types the given `text` into text field identified by `locator`.</doc>
<msg timestamp="20220707 14:58:13.495" level="INFO">Typing text 'Testing Geeks' into text field '//android.widget.EditText[@resource-id='com.klivvr.consumer.qa:id/textInputET_employerName']'</msg>
<status status="PASS" starttime="20220707 14:58:13.490" endtime="20220707 14:58:14.890"/>
</kw>
<kw name="Swipe" library="AppiumLibrary">
<arg>1000</arg>
<arg>1000</arg>
<arg>1000</arg>
<arg>0</arg>
<arg>1000</arg>
<doc>Swipe from one point to another point, for an optional duration.</doc>
<status status="PASS" starttime="20220707 14:58:14.890" endtime="20220707 14:58:17.972"/>
</kw>
<kw name="Input Text" library="AppiumLibrary">
<arg>${EmployerAddress_VerifyUrIdentity_KYC}</arg>
<arg>${EmployerAddress}</arg>
<doc>Types the given `text` into text field identified by `locator`.</doc>
<msg timestamp="20220707 14:58:17.976" level="INFO">Typing text 'Building 20, Al-Dokki' into text field '//android.widget.EditText[@resource-id='com.klivvr.consumer.qa:id/textInputET_employerAddress']'</msg>
<status status="PASS" starttime="20220707 14:58:17.972" endtime="20220707 14:58:18.641"/>
</kw>
<kw name="Swipe" library="AppiumLibrary">
<arg>1000</arg>
<arg>1000</arg>
<arg>1000</arg>
<arg>0</arg>
<arg>1000</arg>
<doc>Swipe from one point to another point, for an optional duration.</doc>
<status status="PASS" starttime="20220707 14:58:18.642" endtime="20220707 14:58:21.761"/>
</kw>
<kw name="Swipe" library="AppiumLibrary">
<arg>1000</arg>
<arg>1000</arg>
<arg>1000</arg>
<arg>0</arg>
<arg>1000</arg>
<doc>Swipe from one point to another point, for an optional duration.</doc>
<status status="PASS" starttime="20220707 14:58:21.762" endtime="20220707 14:58:24.727"/>
</kw>
<kw name="Click Element" library="AppiumLibrary">
<arg>${GreenCardHolderYes_VerifyUrIdentity_KYC}</arg>
<doc>Click element identified by `locator`.</doc>
<msg timestamp="20220707 14:58:24.733" level="INFO">Clicking element '//android.widget.RadioButton[@resource-id='com.klivvr.consumer.qa:id/rb_fatca_yes']'.</msg>
<status status="PASS" starttime="20220707 14:58:24.727" endtime="20220707 14:58:25.680"/>
</kw>
<kw name="Click Element" library="AppiumLibrary">
<arg>${SancationYes_VerifyUrIdentity_KYC}</arg>
<doc>Click element identified by `locator`.</doc>
<msg timestamp="20220707 14:58:25.688" level="INFO">Clicking element '//android.widget.RadioButton[@resource-id='com.klivvr.consumer.qa:id/rb_sanctions_yes']'.</msg>
<status status="PASS" starttime="20220707 14:58:25.680" endtime="20220707 14:58:26.462"/>
</kw>
<kw name="Click Element" library="AppiumLibrary">
<arg>${Continuo_VerifyUrIdentity_KYC}</arg>
<doc>Click element identified by `locator`.</doc>
<msg timestamp="20220707 14:58:26.471" level="INFO">Clicking element '//android.widget.Button[@resource-id='com.klivvr.consumer.qa:id/btn_kyc_basicInfo_continue']'.</msg>
<status status="PASS" starttime="20220707 14:58:26.462" endtime="20220707 14:58:27.678"/>
</kw>
<kw name="Wait Until Keyword Succeeds" library="BuiltIn">
<arg>100s</arg>
<arg>1s</arg>
<arg>wait until page contains element</arg>
<arg>${Title2_FATCAYes}</arg>
<doc>Runs the specified keyword and retries if it fails.</doc>
<kw name="Wait Until Page Contains Element" library="AppiumLibrary">
<arg>${Title2_FATCAYes}</arg>
<doc>Waits until element specified with `locator` appears on current page.</doc>
<status status="PASS" starttime="20220707 14:58:27.679" endtime="20220707 14:58:28.814"/>
</kw>
<status status="PASS" starttime="20220707 14:58:27.678" endtime="20220707 14:58:28.814"/>
</kw>
<kw name="Input Text" library="AppiumLibrary">
<arg>${Address_FATCAYes}</arg>
<arg>${Address_FATCAYesData}</arg>
<doc>Types the given `text` into text field identified by `locator`.</doc>
<msg timestamp="20220707 14:58:28.819" level="INFO">Typing text 'Flat 28, Buliding 40, Chicago, USA' into text field '//android.widget.EditText[@resource-id='com.klivvr.consumer.qa:id/textInputET_addressDetails']'</msg>
<status status="PASS" starttime="20220707 14:58:28.814" endtime="20220707 14:58:30.358"/>
</kw>
<kw name="Input Text" library="AppiumLibrary">
<arg>${PostalCode_FATCAYes}</arg>
<arg>${PostalCode_FATCAYesData}</arg>
<doc>Types the given `text` into text field identified by `locator`.</doc>
<msg timestamp="20220707 14:58:30.366" level="INFO">Typing text '11554' into text field '//android.widget.EditText[@resource-id='com.klivvr.consumer.qa:id/textInputET_zipCode']'</msg>
<status status="PASS" starttime="20220707 14:58:30.358" endtime="20220707 14:58:31.182"/>
</kw>
<kw name="Input Text" library="AppiumLibrary">
<arg>${U.S.Mobile_FATCAYes}</arg>
<arg>${US_Mobile_FATCAYesData}</arg>
<doc>Types the given `text` into text field identified by `locator`.</doc>
<msg timestamp="20220707 14:58:31.189" level="INFO">Typing text '8326545874' into text field '//android.widget.EditText[@resource-id='com.klivvr.consumer.qa:id/textInputET_usMobileNumber']'</msg>
<status status="PASS" starttime="20220707 14:58:31.182" endtime="20220707 14:58:32.827"/>
</kw>
<kw name="Input Text" library="AppiumLibrary">
<arg>${U.s.HomeNumber_FATCAYes}</arg>
<arg>${Us_HomeNumber_FATCAYesData}</arg>
<doc>Types the given `text` into text field identified by `locator`.</doc>
<msg timestamp="20220707 14:58:32.834" level="INFO">Typing text '323256348' into text field '//android.widget.EditText[@resource-id='com.klivvr.consumer.qa:id/textInputET_usHomeNumber']'</msg>
<status status="PASS" starttime="20220707 14:58:32.827" endtime="20220707 14:58:34.493"/>
</kw>
<kw name="Swipe" library="AppiumLibrary">
<arg>1000</arg>
<arg>1000</arg>
<arg>1000</arg>
<arg>0</arg>
<arg>1000</arg>
<doc>Swipe from one point to another point, for an optional duration.</doc>
<status status="PASS" starttime="20220707 14:58:34.493" endtime="20220707 14:58:37.460"/>
</kw>
<kw name="Click Element" library="AppiumLibrary">
<arg>${DidUVisit.U.S._FATCAYes}</arg>
<doc>Click element identified by `locator`.</doc>
<msg timestamp="20220707 14:58:37.464" level="INFO">Clicking element '//android.widget.Spinner[@resource-id='com.klivvr.consumer.qa:id/textInputET_visitUSBefore']'.</msg>
<status status="PASS" starttime="20220707 14:58:37.460" endtime="20220707 14:58:38.071"/>
</kw>
<kw name="Click Element" library="AppiumLibrary">
<arg>${LastStayIn.U.S._FATCAYes}</arg>
<doc>Click element identified by `locator`.</doc>
<msg timestamp="20220707 14:58:38.078" level="INFO">Clicking element '//android.widget.Spinner[@resource-id='com.klivvr.consumer.qa:id/textInputET_lastStayInUS']'.</msg>
<status status="PASS" starttime="20220707 14:58:38.071" endtime="20220707 14:58:40.643"/>
</kw>
<kw name="Wait Until Page Contains Element" library="AppiumLibrary">
<arg>${PlaceofBirth.U.S._FATCAYes}</arg>
<doc>Waits until element specified with `locator` appears on current page.</doc>
<status status="PASS" starttime="20220707 14:58:40.643" endtime="20220707 14:58:40.765"/>
</kw>
<kw name="Click Element" library="AppiumLibrary">
<arg>${PlaceofBirth.U.S._FATCAYes}</arg>
<doc>Click element identified by `locator`.</doc>
<msg timestamp="20220707 14:58:40.770" level="INFO">Clicking element '//android.widget.EditText[@resource-id='com.klivvr.consumer.qa:id/textInputET_placeOfBirthInUS']'.</msg>
<status status="PASS" starttime="20220707 14:58:40.765" endtime="20220707 14:58:41.012"/>
</kw>
<kw name="Input Text" library="AppiumLibrary">
<arg>${PlaceofBirth.U.S._FATCAYes}</arg>
<arg>${PlaceofBirth_US_FATCAYesData}</arg>
<doc>Types the given `text` into text field identified by `locator`.</doc>
<msg timestamp="20220707 14:58:41.024" level="INFO">Typing text 'Chicago' into text field '//android.widget.EditText[@resource-id='com.klivvr.consumer.qa:id/textInputET_placeOfBirthInUS']'</msg>
<status status="PASS" starttime="20220707 14:58:41.012" endtime="20220707 14:58:44.199"/>
</kw>
<kw name="Swipe" library="AppiumLibrary">
<arg>1000</arg>
<arg>1000</arg>
<arg>1000</arg>
<arg>0</arg>
<arg>1000</arg>
<doc>Swipe from one point to another point, for an optional duration.</doc>
<status status="PASS" starttime="20220707 14:58:44.199" endtime="20220707 14:58:47.378"/>
</kw>
<kw name="Input Text" library="AppiumLibrary">
<arg>${SocialSecuirityNumber_FATCAYes}</arg>
<arg>${SocialSecuirityNumber_FATCAYesData}</arg>
<doc>Types the given `text` into text field identified by `locator`.</doc>
<msg timestamp="20220707 14:58:47.382" level="INFO">Typing text '874598745874' into text field '//android.widget.EditText[@resource-id='com.klivvr.consumer.qa:id/textInputET_socialSecurityNumber']'</msg>
<status status="PASS" starttime="20220707 14:58:47.378" endtime="20220707 14:58:48.431"/>
</kw>
<kw name="Swipe" library="AppiumLibrary">
<arg>1000</arg>
<arg>1000</arg>
<arg>1000</arg>
<arg>0</arg>
<arg>1000</arg>
<doc>Swipe from one point to another point, for an optional duration.</doc>
<status status="PASS" starttime="20220707 14:58:48.432" endtime="20220707 14:58:51.494"/>
</kw>
<kw name="Input Text" library="AppiumLibrary">
<arg>${TaxPayer_FATCAYes}</arg>
<arg>${TaxPayer_FATCAYesData}</arg>
<doc>Types the given `text` into text field identified by `locator`.</doc>
<msg timestamp="20220707 14:58:51.501" level="INFO">Typing text '741258963' into text field '//android.widget.EditText[@resource-id='com.klivvr.consumer.qa:id/textInputET_taxId']'</msg>
<status status="PASS" starttime="20220707 14:58:51.494" endtime="20220707 14:58:52.605"/>
</kw>
<kw name="Input Text" library="AppiumLibrary">
<arg>${VISAType_FATCAYes}</arg>
<arg>${VISAType_FATCAYesData}</arg>
<doc>Types the given `text` into text field identified by `locator`.</doc>
<msg timestamp="20220707 14:58:52.611" level="INFO">Typing text 'Tourism' into text field '//android.widget.EditText[@resource-id='com.klivvr.consumer.qa:id/textInputET_visaType']'</msg>
<status status="PASS" starttime="20220707 14:58:52.605" endtime="20220707 14:58:53.412"/>
</kw>
<kw name="Swipe" library="AppiumLibrary">
<arg>1000</arg>
<arg>1000</arg>
<arg>1000</arg>
<arg>0</arg>
<arg>1000</arg>
<doc>Swipe from one point to another point, for an optional duration.</doc>
<status status="PASS" starttime="20220707 14:58:53.412" endtime="20220707 14:58:56.707"/>
</kw>
<kw name="Click Element" library="AppiumLibrary">
<arg>${VISAExpiryData_FATCAYes}</arg>
<doc>Click element identified by `locator`.</doc>
<msg timestamp="20220707 14:58:56.712" level="INFO">Clicking element '//android.widget.EditText[@resource-id='com.klivvr.consumer.qa:id/textInputET_visaExpiryDate']'.</msg>
<status status="PASS" starttime="20220707 14:58:56.707" endtime="20220707 14:58:58.348"/>
</kw>
<kw name="Sleep" library="BuiltIn">
<arg>2s</arg>
<doc>Pauses the test executed for the given time.</doc>
<msg timestamp="20220707 14:59:00.354" level="INFO">Slept 2 seconds</msg>
<status status="PASS" starttime="20220707 14:58:58.348" endtime="20220707 14:59:00.354"/>
</kw>
<kw name="Click Element" library="AppiumLibrary">
<arg>${VISAExpiryDateOK_FATCAYes}</arg>
<doc>Click element identified by `locator`.</doc>
<msg timestamp="20220707 14:59:00.362" level="INFO">Clicking element '//android.widget.Button[@resource-id='com.klivvr.consumer.qa:id/confirm_button']'.</msg>
<status status="PASS" starttime="20220707 14:59:00.354" endtime="20220707 14:59:01.088"/>
</kw>
<kw name="Sleep" library="BuiltIn">
<arg>3s</arg>
<doc>Pauses the test executed for the given time.</doc>
<msg timestamp="20220707 14:59:04.096" level="INFO">Slept 3 seconds</msg>
<status status="PASS" starttime="20220707 14:59:01.089" endtime="20220707 14:59:04.096"/>
</kw>
<kw name="Click Element" library="AppiumLibrary">
<arg>${Continuo_FATCAYes}</arg>
<doc>Click element identified by `locator`.</doc>
<msg timestamp="20220707 14:59:04.104" level="INFO">Clicking element '//android.widget.Button[@resource-id='com.klivvr.consumer.qa:id/btn_kyc_fatca_continue']'.</msg>
<status status="PASS" starttime="20220707 14:59:04.097" endtime="20220707 14:59:04.338"/>
</kw>
<kw name="Wait Until Keyword Succeeds" library="BuiltIn">
<arg>100s</arg>
<arg>1s</arg>
<arg>wait until page contains element</arg>
<arg>${Title_SanctionsYes}</arg>
<doc>Runs the specified keyword and retries if it fails.</doc>
<kw name="Wait Until Page Contains Element" library="AppiumLibrary">
<arg>${Title_SanctionsYes}</arg>
<doc>Waits until element specified with `locator` appears on current page.</doc>
<status status="PASS" starttime="20220707 14:59:04.339" endtime="20220707 14:59:06.012"/>
</kw>
<status status="PASS" starttime="20220707 14:59:04.338" endtime="20220707 14:59:06.012"/>
</kw>
<kw name="Input Text" library="AppiumLibrary">
<arg>${TheirFullName_SanctionsYes}</arg>
<arg>${TheirName_SanctionYesData}</arg>
<doc>Types the given `text` into text field identified by `locator`.</doc>
<msg timestamp="20220707 14:59:06.016" level="INFO">Typing text 'Mazen Faried Ahmed' into text field '//android.widget.EditText[@resource-id='com.klivvr.consumer.qa:id/textInputET_theirFullName']'</msg>
<status status="PASS" starttime="20220707 14:59:06.012" endtime="20220707 14:59:08.210"/>
</kw>
<kw name="Input Text" library="AppiumLibrary">
<arg>${Address_SanctionsYes}</arg>
<arg>${Address_SanctionYesData}</arg>
<doc>Types the given `text` into text field identified by `locator`.</doc>
<msg timestamp="20220707 14:59:08.216" level="INFO">Typing text 'Building 29, Cuba' into text field '//android.widget.EditText[@resource-id='com.klivvr.consumer.qa:id/textInputET_addressOfThatPerson']'</msg>
<status status="PASS" starttime="20220707 14:59:08.210" endtime="20220707 14:59:09.112"/>
</kw>
<kw name="Input Text" library="AppiumLibrary">
<arg>${WhichCountry_SanctionsYes}</arg>
<arg>${WhichCountryRelated_SanctionYesData}</arg>
<doc>Types the given `text` into text field identified by `locator`.</doc>
<msg timestamp="20220707 14:59:09.118" level="INFO">Typing text 'Cuba' into text field '//android.widget.EditText[@resource-id='com.klivvr.consumer.qa:id/textInputET_countryRelatedTo']'</msg>
<status status="PASS" starttime="20220707 14:59:09.112" endtime="20220707 14:59:09.881"/>
</kw>
<kw name="Input Text" library="AppiumLibrary">
<arg>${TypeOfRelation_SanctionsYes}</arg>
<arg>${TypeOfRelation_SanctionYesData}</arg>
<doc>Types the given `text` into text field identified by `locator`.</doc>
<msg timestamp="20220707 14:59:09.888" level="INFO">Typing text 'Comercial' into text field '//android.widget.EditText[@resource-id='com.klivvr.consumer.qa:id/textInputET_typeOfRelationWithCountry']'</msg>
<status status="PASS" starttime="20220707 14:59:09.881" endtime="20220707 14:59:10.694"/>
</kw>
<kw name="Input Text" library="AppiumLibrary">
<arg>${ExpectedTransaction_SanctionsYes}</arg>
<arg>${ExpectedTypeofTransaction_SanctionYesData}</arg>
<doc>Types the given `text` into text field identified by `locator`.</doc>
<msg timestamp="20220707 14:59:10.704" level="INFO">Typing text 'Transfer Money' into text field '//android.widget.EditText[@resource-id='com.klivvr.consumer.qa:id/textInputET_expectedTypeOfTransactions']'</msg>
<status status="PASS" starttime="20220707 14:59:10.694" endtime="20220707 14:59:12.342"/>
</kw>
<kw name="Swipe" library="AppiumLibrary">
<arg>1000</arg>
<arg>1000</arg>
<arg>1000</arg>
<arg>0</arg>
<arg>1000</arg>
<doc>Swipe from one point to another point, for an optional duration.</doc>
<status status="PASS" starttime="20220707 14:59:12.342" endtime="20220707 14:59:15.393"/>
</kw>
<kw name="Click Element" library="AppiumLibrary">
<arg>${Cuba%_SanctionsYes}</arg>
<doc>Click element identified by `locator`.</doc>
<msg timestamp="20220707 14:59:15.397" level="INFO">Clicking element '//android.widget.Spinner[@resource-id='com.klivvr.consumer.qa:id/textInputET_percentageCuba']'.</msg>
<status status="PASS" starttime="20220707 14:59:15.393" endtime="20220707 14:59:15.775"/>
</kw>
<kw name="Sleep" library="BuiltIn">
<arg>1s</arg>
<doc>Pauses the test executed for the given time.</doc>
<msg timestamp="20220707 14:59:16.779" level="INFO">Slept 1 second</msg>
<status status="PASS" starttime="20220707 14:59:15.776" endtime="20220707 14:59:16.779"/>
</kw>
<kw name="Click Element" library="AppiumLibrary">
<arg>${NourthKorea%_SanctionsYes}</arg>
<doc>Click element identified by `locator`.</doc>
<msg timestamp="20220707 14:59:16.783" level="INFO">Clicking element '//android.widget.Spinner[@resource-id='com.klivvr.consumer.qa:id/textInputET_percentageNorthKorea']'.</msg>
<status status="PASS" starttime="20220707 14:59:16.779" endtime="20220707 14:59:18.480"/>
</kw>
<kw name="Swipe" library="AppiumLibrary">
<arg>1000</arg>
<arg>1000</arg>
<arg>1000</arg>
<arg>0</arg>
<arg>1000</arg>
<doc>Swipe from one point to another point, for an optional duration.</doc>
<status status="PASS" starttime="20220707 14:59:18.480" endtime="20220707 14:59:21.351"/>
</kw>
<kw name="Click Element" library="AppiumLibrary">
<arg>${ContinuoButton_SanctionsYes}</arg>
<doc>Click element identified by `locator`.</doc>
<msg timestamp="20220707 14:59:21.357" level="INFO">Clicking element '//android.widget.Button[@resource-id='com.klivvr.consumer.qa:id/btn_kyc_sanctionsCountries_continue']'.</msg>
<status status="PASS" starttime="20220707 14:59:21.352" endtime="20220707 14:59:22.944"/>
</kw>
<kw name="Wait Until Page Contains Element" library="AppiumLibrary">
<arg>${Title_IDPhoto}</arg>
<doc>Waits until element specified with `locator` appears on current page.</doc>
<status status="PASS" starttime="20220707 14:59:22.945" endtime="20220707 14:59:23.014"/>
</kw>
<kw name="Click Element" library="AppiumLibrary">
<arg>${FrontID_IDPhoto}</arg>
<doc>Click element identified by `locator`.</doc>
<msg timestamp="20220707 14:59:23.017" level="INFO">Clicking element '//android.widget.FrameLayout[@resource-id='com.klivvr.consumer.qa:id/cv_nationalIdFrontImage']'.</msg>
<status status="PASS" starttime="20220707 14:59:23.014" endtime="20220707 14:59:23.192"/>
</kw>
<kw name="Wait Until Page Contains Element" library="AppiumLibrary">
<arg>${CameraAccess_IDPhoto}</arg>
<doc>Waits until element specified with `locator` appears on current page.</doc>
<status status="PASS" starttime="20220707 14:59:23.192" endtime="20220707 14:59:24.711"/>
</kw>
<kw name="Click Element" library="AppiumLibrary">
<arg>${AllowAccessButton_IDPhoto}</arg>
<doc>Click element identified by `locator`.</doc>
<msg timestamp="20220707 14:59:24.720" level="INFO">Clicking element '//android.widget.Button[@resource-id='com.klivvr.consumer.qa:id/btn_cameraPermission_allowAccess']'.</msg>
<status status="PASS" starttime="20220707 14:59:24.711" endtime="20220707 14:59:24.938"/>
</kw>
<kw name="Wait Until Page Contains Element" library="AppiumLibrary">
<arg>${AllowFromPhone_IDPhoto}</arg>
<doc>Waits until element specified with `locator` appears on current page.</doc>
<status status="PASS" starttime="20220707 14:59:24.939" endtime="20220707 14:59:30.674"/>
</kw>
<kw name="Click Element" library="AppiumLibrary">
<arg>${AllowFromPhone_IDPhoto}</arg>
<doc>Click element identified by `locator`.</doc>
<msg timestamp="20220707 14:59:30.680" level="INFO">Clicking element '//android.widget.Button[@resource-id='com.android.permissioncontroller:id/permission_allow_foreground_only_button']'.</msg>
<status status="PASS" starttime="20220707 14:59:30.675" endtime="20220707 14:59:30.881"/>
</kw>
<kw name="Wait Until Page Contains Element" library="AppiumLibrary">
<arg>${TakePhoto}</arg>
<doc>Waits until element specified with `locator` appears on current page.</doc>
<status status="PASS" starttime="20220707 14:59:30.881" endtime="20220707 14:59:36.384"/>
</kw>
<kw name="Click Element" library="AppiumLibrary">
<arg>${TakePhoto}</arg>
<doc>Click element identified by `locator`.</doc>
<msg timestamp="20220707 14:59:36.389" level="INFO">Clicking element '//android.widget.ImageButton[@resource-id='com.klivvr.consumer.qa:id/iBtn_capturePhoto']'.</msg>
<status status="PASS" starttime="20220707 14:59:36.384" endtime="20220707 14:59:37.122"/>
</kw>
<kw name="Wait Until Page Contains Element" library="AppiumLibrary">
<arg>${BackID_IDPhoto}</arg>
<doc>Waits until element specified with `locator` appears on current page.</doc>
<status status="PASS" starttime="20220707 14:59:37.122" endtime="20220707 14:59:37.937"/>
</kw>
<kw name="Click Element" library="AppiumLibrary">
<arg>${BackID_IDPhoto}</arg>
<doc>Click element identified by `locator`.</doc>
<msg timestamp="20220707 14:59:37.947" level="INFO">Clicking element '//android.widget.FrameLayout[@resource-id='com.klivvr.consumer.qa:id/cv_nationalIdBackImage']'.</msg>
<status status="PASS" starttime="20220707 14:59:37.937" endtime="20220707 14:59:38.413"/>
</kw>
<kw name="Wait Until Keyword Succeeds" library="BuiltIn">
<arg>100s</arg>
<arg>1s</arg>
<arg>wait until page contains element</arg>
<arg>${TakePhoto}</arg>
<doc>Runs the specified keyword and retries if it fails.</doc>
<kw name="Wait Until Page Contains Element" library="AppiumLibrary">
<arg>${TakePhoto}</arg>
<doc>Waits until element specified with `locator` appears on current page.</doc>
<status status="PASS" starttime="20220707 14:59:38.414" endtime="20220707 14:59:39.290"/>
</kw>
<status status="PASS" starttime="20220707 14:59:38.413" endtime="20220707 14:59:39.290"/>
</kw>
<kw name="Click Element" library="AppiumLibrary">
<arg>${TakePhoto}</arg>
<doc>Click element identified by `locator`.</doc>
<msg timestamp="20220707 14:59:39.294" level="INFO">Clicking element '//android.widget.ImageButton[@resource-id='com.klivvr.consumer.qa:id/iBtn_capturePhoto']'.</msg>
<status status="PASS" starttime="20220707 14:59:39.290" endtime="20220707 14:59:39.371"/>
</kw>
<kw name="Wait Until Keyword Succeeds" library="BuiltIn">
<arg>100s</arg>
<arg>1s</arg>
<arg>wait until page contains element</arg>
<arg>${Title_IDPhoto}</arg>
<doc>Runs the specified keyword and retries if it fails.</doc>
<kw name="Wait Until Page Contains Element" library="AppiumLibrary">
<arg>${Title_IDPhoto}</arg>
<doc>Waits until element specified with `locator` appears on current page.</doc>
<msg timestamp="20220707 14:59:44.686" level="INFO">&lt;?xml version='1.0' encoding='UTF-8' standalone='yes' ?&gt;
&lt;hierarchy index="0" class="hierarchy" rotation="0" width="1080" height="2148"&gt;
  &lt;android.widget.FrameLayout index="0" package="com.klivvr.consumer.qa" class="android.widget.FrameLayout" text="" checkable="false" checked="false" clickable="false" enabled="true" focusable="false" focused="false" long-clickable="false" password="false" scrollable="false" selected="false" bounds="[0,0][1080,2148]" displayed="true"&gt;
    &lt;android.widget.LinearLayout index="0" package="com.klivvr.consumer.qa" class="android.widget.LinearLayout" text="" checkable="false" checked="false" clickable="false" enabled="true" focusable="false" focused="false" long-clickable="false" password="false" scrollable="false" selected="false" bounds="[0,0][1080,2148]" displayed="true"&gt;
      &lt;android.widget.FrameLayout index="0" package="com.klivvr.consumer.qa" class="android.widget.FrameLayout" text="" checkable="false" checked="false" clickable="false" enabled="true" focusable="false" focused="false" long-clickable="false" password="false" scrollable="false" selected="false" bounds="[0,0][1080,2148]" displayed="true"&gt;
        &lt;android.widget.FrameLayout index="0" package="com.klivvr.consumer.qa" class="android.widget.FrameLayout" text="" resource-id="com.klivvr.consumer.qa:id/action_bar_root" checkable="false" checked="false" clickable="false" enabled="true" focusable="false" focused="false" long-clickable="false" password="false" scrollable="false" selected="false" bounds="[0,0][1080,2148]" displayed="true"&gt;
          &lt;android.widget.FrameLayout index="0" package="com.klivvr.consumer.qa" class="android.widget.FrameLayout" text="" resource-id="android:id/content" checkable="false" checked="false" clickable="false" enabled="true" focusable="false" focused="false" long-clickable="false" password="false" scrollable="false" selected="false" bounds="[0,0][1080,2148]" displayed="true"&gt;
            &lt;android.widget.FrameLayout index="0" package="com.klivvr.consumer.qa" class="android.widget.FrameLayout" text="" resource-id="com.klivvr.consumer.qa:id/container" checkable="false" checked="false" clickable="false" enabled="true" focusable="false" focused="false" long-clickable="false" password="false" scrollable="false" selected="false" bounds="[0,0][1080,2148]" displayed="true"&gt;
              &lt;android.view.ViewGroup index="0" package="com.klivvr.consumer.qa" class="android.view.ViewGroup" text="" resource-id="com.klivvr.consumer.qa:id/coordinator" checkable="false" checked="false" clickable="false" enabled="true" focusable="false" focused="false" long-clickable="false" password="false" scrollable="false" selected="false" bounds="[0,83][1080,2148]" displayed="true"&gt;
                &lt;android.view.View index="0" package="com.klivvr.consumer.qa" class="android.view.View" text="" resource-id="com.klivvr.consumer.qa:id/touch_outside" checkable="false" checked="false" clickable="true" enabled="true" focusable="false" focused="false" long-clickable="false" password="false" scrollable="false" selected="false" bounds="[0,83][1080,2148]" displayed="true" /&gt;
                &lt;android.widget.FrameLayout index="1" package="com.klivvr.consumer.qa" class="android.widget.FrameLayout" text="" resource-id="com.klivvr.consumer.qa:id/design_bottom_sheet" checkable="false" checked="false" clickable="false" enabled="true" focusable="false" focused="false" long-clickable="false" password="false" scrollable="false" selected="false" bounds="[0,83][1080,2148]" displayed="true"&gt;
                  &lt;android.widget.RelativeLayout index="0" package="com.klivvr.consumer.qa" class="android.widget.RelativeLayout" text="" checkable="false" checked="false" clickable="false" enabled="true" focusable="false" focused="false" long-clickable="false" password="false" scrollable="false" selected="false" bounds="[0,83][1080,2148]" displayed="true"&gt;
                    &lt;android.view.ViewGroup index="0" package="com.klivvr.consumer.qa" class="android.view.ViewGroup" text="" resource-id="com.klivvr.consumer.qa:id/cl_camera" checkable="false" checked="false" clickable="false" enabled="true" focusable="false" focused="false" long-clickable="false" password="false" scrollable="false" selected="false" bounds="[0,83][1080,2148]" displayed="true"&gt;
                      &lt;android.view.ViewGroup index="0" package="com.klivvr.consumer.qa" class="android.view.ViewGroup" text="" resource-id="com.klivvr.consumer.qa:id/toolbar_camera" checkable="false" checked="false" clickable="false" enabled="true" focusable="false" focused="false" long-clickable="false" password="false" scrollable="false" selected="false" bounds="[0,83][1080,237]" displayed="true"&gt;
                        &lt;android.widget.ImageButton index="0" package="com.klivvr.consumer.qa" class="android.widget.ImageButton" text="" checkable="false" checked="false" clickable="true" enabled="true" focusable="true" focused="false" long-clickable="false" password="false" scrollable="false" selected="false" bounds="[0,83][154,237]" displayed="true" /&gt;
                      &lt;/android.view.ViewGroup&gt;
                      &lt;android.view.ViewGroup index="1" package="com.klivvr.consumer.qa" class="android.view.ViewGroup" text="" checkable="false" checked="false" clickable="false" enabled="true" focusable="false" focused="false" long-clickable="false" password="false" scrollable="false" selected="false" bounds="[0,83][1080,237]" displayed="true"&gt;
                        &lt;android.widget.TextView index="0" package="com.klivvr.consumer.qa" class="android.widget.TextView" text="Scan back side" resource-id="com.klivvr.consumer.qa:id/text_toolbar_title" checkable="false" checked="false" clickable="false" enabled="true" focusable="false" focused="false" long-clickable="false" password="false" scrollable="false" selected="false" bounds="[393,131][688,190]" displayed="true" /&gt;
                      &lt;/android.view.ViewGroup&gt;
                      &lt;android.widget.FrameLayout index="2" package="com.klivvr.consumer.qa" class="android.widget.FrameLayout" text="" resource-id="com.klivvr.consumer.qa:id/viewFinder" checkable="false" checked="false" clickable="false" enabled="true" focusable="false" focused="false" long-clickable="false" password="false" scrollable="false" selected="false" bounds="[0,237][1080,2148]" displayed="true"&gt;
                        &lt;android.view.View index="0" package="com.klivvr.consumer.qa" class="android.view.View" text="" checkable="false" checked="false" clickable="false" enabled="true" focusable="false" focused="false" long-clickable="false" password="false" scrollable="false" selected="false" bounds="[0,237][1080,2148]" displayed="true" /&gt;
                      &lt;/android.widget.FrameLayout&gt;
                      &lt;android.widget.TextView index="3" package="com.klivvr.consumer.qa" class="android.widget.TextView" text="Hold your ID inside the frame" resource-id="com.klivvr.consumer.qa:id/tv_camera_hint" checkable="false" checked="false" clickable="false" enabled="true" focusable="false" focused="false" long-clickable="false" password="false" scrollable="false" selected="false" bounds="[289,578][792,631]" displayed="true" /&gt;
                      &lt;android.view.View index="4" package="com.klivvr.consumer.qa" class="android.view.View" text="" resource-id="com.klivvr.consumer.qa:id/camera_frame" checkable="false" checked="false" clickable="false" enabled="true" focusable="false" focused="false" long-clickable="false" password="false" scrollable="false" selected="false" bounds="[50,719][1030,1336]" displayed="true" /&gt;
                      &lt;android.widget.ImageButton index="5" package="com.klivvr.consumer.qa" class="android.widget.ImageButton" text="" content-desc="Flash Button" resource-id="com.klivvr.consumer.qa:id/iBtn_capturePhoto" checkable="false" checked="false" clickable="true" enabled="true" focusable="true" focused="false" long-clickable="false" password="false" scrollable="false" selected="false" bounds="[375,1818][705,2148]" displayed="true" /&gt;
                    &lt;/android.view.ViewGroup&gt;
                  &lt;/android.widget.RelativeLayout&gt;
                &lt;/android.widget.FrameLayout&gt;
              &lt;/android.view.ViewGroup&gt;
            &lt;/android.widget.FrameLayout&gt;
          &lt;/android.widget.FrameLayout&gt;
        &lt;/android.widget.FrameLayout&gt;
      &lt;/android.widget.FrameLayout&gt;
    &lt;/android.widget.LinearLayout&gt;
  &lt;/android.widget.FrameLayout&gt;
&lt;/hierarchy&gt;</msg>
<kw name="Capture Page Screenshot" library="AppiumLibrary">
<doc>Takes a screenshot of the current page and embeds it into the log.</doc>
<msg timestamp="20220707 14:59:47.362" level="INFO" html="true">&lt;/td&gt;&lt;/tr&gt;&lt;tr&gt;&lt;td colspan="3"&gt;&lt;a href="appium-screenshot-2.png"&gt;&lt;img src="appium-screenshot-2.png" width="800px"&gt;&lt;/a&gt;</msg>
<status status="PASS" starttime="20220707 14:59:44.687" endtime="20220707 14:59:47.362"/>
</kw>
<msg timestamp="20220707 14:59:47.362" level="FAIL">Element '//android.widget.TextView[@text='Can we get a photo of your ID?']' did not appear in 5 seconds</msg>
<status status="FAIL" starttime="20220707 14:59:39.372" endtime="20220707 14:59:47.362"/>
</kw>
<kw name="Wait Until Page Contains Element" library="AppiumLibrary">
<arg>${Title_IDPhoto}</arg>
<doc>Waits until element specified with `locator` appears on current page.</doc>
<msg timestamp="20220707 14:59:53.680" level="INFO">&lt;?xml version='1.0' encoding='UTF-8' standalone='yes' ?&gt;
&lt;hierarchy index="0" class="hierarchy" rotation="0" width="1080" height="2148"&gt;
  &lt;android.widget.FrameLayout index="0" package="com.klivvr.consumer.qa" class="android.widget.FrameLayout" text="" checkable="false" checked="false" clickable="false" enabled="true" focusable="false" focused="false" long-clickable="false" password="false" scrollable="false" selected="false" bounds="[0,0][1080,2148]" displayed="true"&gt;
    &lt;android.widget.LinearLayout index="0" package="com.klivvr.consumer.qa" class="android.widget.LinearLayout" text="" checkable="false" checked="false" clickable="false" enabled="true" focusable="false" focused="false" long-clickable="false" password="false" scrollable="false" selected="false" bounds="[0,0][1080,2148]" displayed="true"&gt;
      &lt;android.widget.FrameLayout index="0" package="com.klivvr.consumer.qa" class="android.widget.FrameLayout" text="" checkable="false" checked="false" clickable="false" enabled="true" focusable="false" focused="false" long-clickable="false" password="false" scrollable="false" selected="false" bounds="[0,0][1080,2148]" displayed="true"&gt;
        &lt;android.widget.FrameLayout index="0" package="com.klivvr.consumer.qa" class="android.widget.FrameLayout" text="" resource-id="com.klivvr.consumer.qa:id/action_bar_root" checkable="false" checked="false" clickable="false" enabled="true" focusable="false" focused="false" long-clickable="false" password="false" scrollable="false" selected="false" bounds="[0,0][1080,2148]" displayed="true"&gt;
          &lt;android.widget.FrameLayout index="0" package="com.klivvr.consumer.qa" class="android.widget.FrameLayout" text="" resource-id="android:id/content" checkable="false" checked="false" clickable="false" enabled="true" focusable="false" focused="false" long-clickable="false" password="false" scrollable="false" selected="false" bounds="[0,0][1080,2148]" displayed="true"&gt;
            &lt;android.widget.FrameLayout index="0" package="com.klivvr.consumer.qa" class="android.widget.FrameLayout" text="" resource-id="com.klivvr.consumer.qa:id/container" checkable="false" checked="false" clickable="false" enabled="true" focusable="false" focused="false" long-clickable="false" password="false" scrollable="false" selected="false" bounds="[0,0][1080,2148]" displayed="true"&gt;
              &lt;android.view.ViewGroup index="0" package="com.klivvr.consumer.qa" class="android.view.ViewGroup" text="" resource-id="com.klivvr.consumer.qa:id/coordinator" checkable="false" checked="false" clickable="false" enabled="true" focusable="false" focused="false" long-clickable="false" password="false" scrollable="false" selected="false" bounds="[0,83][1080,2148]" displayed="true"&gt;
                &lt;android.view.View index="0" package="com.klivvr.consumer.qa" class="android.view.View" text="" resource-id="com.klivvr.consumer.qa:id/touch_outside" checkable="false" checked="false" clickable="true" enabled="true" focusable="false" focused="false" long-clickable="false" password="false" scrollable="false" selected="false" bounds="[0,83][1080,2148]" displayed="true" /&gt;
                &lt;android.widget.FrameLayout index="1" package="com.klivvr.consumer.qa" class="android.widget.FrameLayout" text="" resource-id="com.klivvr.consumer.qa:id/design_bottom_sheet" checkable="false" checked="false" clickable="false" enabled="true" focusable="false" focused="false" long-clickable="false" password="false" scrollable="false" selected="false" bounds="[0,83][1080,2148]" displayed="true"&gt;
                  &lt;android.widget.RelativeLayout index="0" package="com.klivvr.consumer.qa" class="android.widget.RelativeLayout" text="" checkable="false" checked="false" clickable="false" enabled="true" focusable="false" focused="false" long-clickable="false" password="false" scrollable="false" selected="false" bounds="[0,83][1080,2148]" displayed="true"&gt;
                    &lt;android.view.ViewGroup index="0" package="com.klivvr.consumer.qa" class="android.view.ViewGroup" text="" resource-id="com.klivvr.consumer.qa:id/cl_camera" checkable="false" checked="false" clickable="false" enabled="true" focusable="false" focused="false" long-clickable="false" password="false" scrollable="false" selected="false" bounds="[0,83][1080,2148]" displayed="true"&gt;
                      &lt;android.view.ViewGroup index="0" package="com.klivvr.consumer.qa" class="android.view.ViewGroup" text="" resource-id="com.klivvr.consumer.qa:id/toolbar_camera" checkable="false" checked="false" clickable="false" enabled="true" focusable="false" focused="false" long-clickable="false" password="false" scrollable="false" selected="false" bounds="[0,83][1080,237]" displayed="true"&gt;
                        &lt;android.widget.ImageButton index="0" package="com.klivvr.consumer.qa" class="android.widget.ImageButton" text="" checkable="false" checked="false" clickable="true" enabled="true" focusable="true" focused="false" long-clickable="false" password="false" scrollable="false" selected="false" bounds="[0,83][154,237]" displayed="true" /&gt;
                      &lt;/android.view.ViewGroup&gt;
                      &lt;android.view.ViewGroup index="1" package="com.klivvr.consumer.qa" class="android.view.ViewGroup" text="" checkable="false" checked="false" clickable="false" enabled="true" focusable="false" focused="false" long-clickable="false" password="false" scrollable="false" selected="false" bounds="[0,83][1080,237]" displayed="true"&gt;
                        &lt;android.widget.TextView index="0" package="com.klivvr.consumer.qa" class="android.widget.TextView" text="Scan back side" resource-id="com.klivvr.consumer.qa:id/text_toolbar_title" checkable="false" checked="false" clickable="false" enabled="true" focusable="false" focused="false" long-clickable="false" password="false" scrollable="false" selected="false" bounds="[393,131][688,190]" displayed="true" /&gt;
                      &lt;/android.view.ViewGroup&gt;
                      &lt;android.widget.FrameLayout index="2" package="com.klivvr.consumer.qa" class="android.widget.FrameLayout" text="" resource-id="com.klivvr.consumer.qa:id/viewFinder" checkable="false" checked="false" clickable="false" enabled="true" focusable="false" focused="false" long-clickable="false" password="false" scrollable="false" selected="false" bounds="[0,237][1080,2148]" displayed="true"&gt;
[...]
                        &lt;android.view.View index="0" package="com.klivvr.consumer.qa" class="android.view.View" text="" checkable="false" checked="false" clickable="false" enabled="true" focusable="false" focused="false" long-clickable="false" password="false" scrollable="false" selected="false" bounds="[0,237][1080,2148]" displayed="true" /&gt;
                      &lt;/android.widget.FrameLayout&gt;
                      &lt;android.widget.TextView index="3" package="com.klivvr.consumer.qa" class="android.widget.TextView" text="Hold your ID inside the frame" resource-id="com.klivvr.consumer.qa:id/tv_camera_hint" checkable="false" checked="false" clickable="false" enabled="true" focusable="false" focused="false" long-clickable="false" password="false" scrollable="false" selected="false" bounds="[289,578][792,631]" displayed="true" /&gt;
                      &lt;android.view.View index="4" package="com.klivvr.consumer.qa" class="android.view.View" text="" resource-id="com.klivvr.consumer.qa:id/camera_frame" checkable="false" checked="false" clickable="false" enabled="true" focusable="false" focused="false" long-clickable="false" password="false" scrollable="false" selected="false" bounds="[50,719][1030,1336]" displayed="true" /&gt;
                      &lt;android.widget.ImageButton index="5" package="com.klivvr.consumer.qa" class="android.widget.ImageButton" text="" content-desc="Flash Button" resource-id="com.klivvr.consumer.qa:id/iBtn_capturePhoto" checkable="false" checked="false" clickable="true" enabled="true" focusable="true" focused="false" long-clickable="false" password="false" scrollable="false" selected="false" bounds="[375,1818][705,2148]" displayed="true" /&gt;
                    &lt;/android.view.ViewGroup&gt;
                  &lt;/android.widget.RelativeLayout&gt;
                &lt;/android.widget.FrameLayout&gt;
              &lt;/android.view.ViewGroup&gt;
            &lt;/android.widget.FrameLayout&gt;
          &lt;/android.widget.FrameLayout&gt;
        &lt;/android.widget.FrameLayout&gt;
      &lt;/android.widget.FrameLayout&gt;
    &lt;/android.widget.LinearLayout&gt;
  &lt;/android.widget.FrameLayout&gt;
&lt;/hierarchy&gt;</msg>
<kw name="Capture Page Screenshot" library="AppiumLibrary">
<doc>Takes a screenshot of the current page and embeds it into the log.</doc>
<msg timestamp="20220707 15:00:37.481" level="INFO" html="true">&lt;/td&gt;&lt;/tr&gt;&lt;tr&gt;&lt;td colspan="3"&gt;&lt;a href="appium-screenshot-8.png"&gt;&lt;img src="appium-screenshot-8.png" width="800px"&gt;&lt;/a&gt;</msg>
<status status="PASS" starttime="20220707 15:00:35.545" endtime="20220707 15:00:37.481"/>
</kw>
<msg timestamp="20220707 15:00:37.482" level="FAIL">Element '//android.widget.TextView[@text='Can we get a photo of your ID?']' did not appear in 5 seconds</msg>
<status status="FAIL" starttime="20220707 15:00:30.412" endtime="20220707 15:00:37.483"/>
</kw>
<kw name="Wait Until Page Contains Element" library="AppiumLibrary">
<arg>${Title_IDPhoto}</arg>
<doc>Waits until element specified with `locator` appears on current page.</doc>
<msg timestamp="20220707 15:00:43.916" level="INFO">&lt;?xml version='1.0' encoding='UTF-8' standalone='yes' ?&gt;
&lt;hierarchy index="0" class="hierarchy" rotation="0" width="1080" height="2148"&gt;
  &lt;android.widget.FrameLayout index="0" package="com.klivvr.consumer.qa" class="android.widget.FrameLayout" text="" checkable="false" checked="false" clickable="false" enabled="true" focusable="false" focused="false" long-clickable="false" password="false" scrollable="false" selected="false" bounds="[0,0][1080,2148]" displayed="true"&gt;
    &lt;android.widget.LinearLayout index="0" package="com.klivvr.consumer.qa" class="android.widget.LinearLayout" text="" checkable="false" checked="false" clickable="false" enabled="true" focusable="false" focused="false" long-clickable="false" password="false" scrollable="false" selected="false" bounds="[0,0][1080,2148]" displayed="true"&gt;
      &lt;android.widget.FrameLayout index="0" package="com.klivvr.consumer.qa" class="android.widget.FrameLayout" text="" checkable="false" checked="false" clickable="false" enabled="true" focusable="false" focused="false" long-clickable="false" password="false" scrollable="false" selected="false" bounds="[0,0][1080,2148]" displayed="true"&gt;
        &lt;android.widget.FrameLayout index="0" package="com.klivvr.consumer.qa" class="android.widget.FrameLayout" text="" resource-id="com.klivvr.consumer.qa:id/action_bar_root" checkable="false" checked="false" clickable="false" enabled="true" focusable="false" focused="false" long-clickable="false" password="false" scrollable="false" selected="false" bounds="[0,0][1080,2148]" displayed="true"&gt;
          &lt;android.widget.FrameLayout index="0" package="com.klivvr.consumer.qa" class="android.widget.FrameLayout" text="" resource-id="android:id/content" checkable="false" checked="false" clickable="false" enabled="true" focusable="false" focused="false" long-clickable="false" password="false" scrollable="false" selected="false" bounds="[0,0][1080,2148]" displayed="true"&gt;
            &lt;android.widget.FrameLayout index="0" package="com.klivvr.consumer.qa" class="android.widget.FrameLayout" text="" resource-id="com.klivvr.consumer.qa:id/container" checkable="false" checked="false" clickable="false" enabled="true" focusable="false" focused="false" long-clickable="false" password="false" scrollable="false" selected="false" bounds="[0,0][1080,2148]" displayed="true"&gt;
              &lt;android.view.ViewGroup index="0" package="com.klivvr.consumer.qa" class="android.view.ViewGroup" text="" resource-id="com.klivvr.consumer.qa:id/coordinator" checkable="false" checked="false" clickable="false" enabled="true" focusable="false" focused="false" long-clickable="false" password="false" scrollable="false" selected="false" bounds="[0,83][1080,2148]" displayed="true"&gt;
                &lt;android.view.View index="0" package="com.klivvr.consumer.qa" class="android.view.View" text="" resource-id="com.klivvr.consumer.qa:id/touch_outside" checkable="false" checked="false" clickable="true" enabled="true" focusable="false" focused="false" long-clickable="false" password="false" scrollable="false" selected="false" bounds="[0,83][1080,2148]" displayed="true" /&gt;
                &lt;android.widget.FrameLayout index="1" package="com.klivvr.consumer.qa" class="android.widget.FrameLayout" text="" resource-id="com.klivvr.consumer.qa:id/design_bottom_sheet" checkable="false" checked="false" clickable="false" enabled="true" focusable="false" focused="false" long-clickable="false" password="false" scrollable="false" selected="false" bounds="[0,83][1080,2148]" displayed="true"&gt;
                  &lt;android.widget.RelativeLayout index="0" package="com.klivvr.consumer.qa" class="android.widget.RelativeLayout" text="" checkable="false" checked="false" clickable="false" enabled="true" focusable="false" focused="false" long-clickable="false" password="false" scrollable="false" selected="false" bounds="[0,83][1080,2148]" displayed="true"&gt;
                    &lt;android.view.ViewGroup index="0" package="com.klivvr.consumer.qa" class="android.view.ViewGroup" text="" resource-id="com.klivvr.consumer.qa:id/cl_camera" checkable="false" checked="false" clickable="false" enabled="true" focusable="false" focused="false" long-clickable="false" password="false" scrollable="false" selected="false" bounds="[0,83][1080,2148]" displayed="true"&gt;
                      &lt;android.view.ViewGroup index="0" package="com.klivvr.consumer.qa" class="android.view.ViewGroup" text="" resource-id="com.klivvr.consumer.qa:id/toolbar_camera" checkable="false" checked="false" clickable="false" enabled="true" focusable="false" focused="false" long-clickable="false" password="false" scrollable="false" selected="false" bounds="[0,83][1080,237]" displayed="true"&gt;
                        &lt;android.widget.ImageButton index="0" package="com.klivvr.consumer.qa" class="android.widget.ImageButton" text="" checkable="false" checked="false" clickable="true" enabled="true" focusable="true" focused="false" long-clickable="false" password="false" scrollable="false" selected="false" bounds="[0,83][154,237]" displayed="true" /&gt;
                      &lt;/android.view.ViewGroup&gt;
                      &lt;android.view.ViewGroup index="1" package="com.klivvr.consumer.qa" class="android.view.ViewGroup" text="" checkable="false" checked="false" clickable="false" enabled="true" focusable="false" focused="false" long-clickable="false" password="false" scrollable="false" selected="false" bounds="[0,83][1080,237]" displayed="true"&gt;
                        &lt;android.widget.TextView index="0" package="com.klivvr.consumer.qa" class="android.widget.TextView" text="Scan back side" resource-id="com.klivvr.consumer.qa:id/text_toolbar_title" checkable="false" checked="false" clickable="false" enabled="true" focusable="false" focused="false" long-clickable="false" password="false" scrollable="false" selected="false" bounds="[393,131][688,190]" displayed="true" /&gt;
                      &lt;/android.view.ViewGroup&gt;
                      &lt;android.widget.FrameLayout index="2" package="com.klivvr.consumer.qa" class="android.widget.FrameLayout" text="" resource-id="com.klivvr.consumer.qa:id/viewFinder" checkable="false" checked="false" clickable="false" enabled="true" focusable="false" focused="false" long-clickable="false" password="false" scrollable="false" selected="false" bounds="[0,237][1080,2148]" displayed="true"&gt;
                        &lt;android.view.View index="0" package="com.klivvr.consumer.qa" class="android.view.View" text="" checkable="false" checked="false" clickable="false" enabled="true" focusable="false" focused="false" long-clickable="false" password="false" scrollable="false" selected="false" bounds="[0,237][1080,2148]" displayed="true" /&gt;
                      &lt;/android.widget.FrameLayout&gt;
                      &lt;android.widget.TextView index="3" package="com.klivvr.consumer.qa" class="android.widget.TextView" text="Hold your ID inside the frame" resource-id="com.klivvr.consumer.qa:id/tv_camera_hint" checkable="false" checked="false" clickable="false" enabled="true" focusable="false" focused="false" long-clickable="false" password="false" scrollable="false" selected="false" bounds="[289,578][792,631]" displayed="true" /&gt;
                      &lt;android.view.View index="4" package="com.klivvr.consumer.qa" class="android.view.View" text="" resource-id="com.klivvr.consumer.qa:id/camera_frame" checkable="false" checked="false" clickable="false" enabled="true" focusable="false" focused="false" long-clickable="false" password="false" scrollable="false" selected="false" bounds="[50,719][1030,1336]" displayed="true" /&gt;
                      &lt;android.widget.ImageButton index="5" package="com.klivvr.consumer.qa" class="android.widget.ImageButton" text="" content-desc="Flash Button" resource-id="com.klivvr.consumer.qa:id/iBtn_capturePhoto" checkable="false" checked="false" clickable="true" enabled="true" focusable="true" focused="false" long-clickable="false" password="false" scrollable="false" selected="false" bounds="[375,1818][705,2148]" displayed="true" /&gt;
                    &lt;/android.view.ViewGroup&gt;
                  &lt;/android.widget.RelativeLayout&gt;
                &lt;/android.widget.FrameLayout&gt;
              &lt;/android.view.ViewGroup&gt;
            &lt;/android.widget.FrameLayout&gt;
          &lt;/android.widget.FrameLayout&gt;
        &lt;/android.widget.FrameLayout&gt;
      &lt;/android.widget.FrameLayout&gt;
    &lt;/android.widget.LinearLayout&gt;
  &lt;/android.widget.FrameLayout&gt;
&lt;/hierarchy&gt;</msg>
<kw name="Capture Page Screenshot" library="AppiumLibrary">
<doc>Takes a screenshot of the current page and embeds it into the log.</doc>
<msg timestamp="20220707 15:00:46.141" level="INFO" html="true">&lt;/td&gt;&lt;/tr&gt;&lt;tr&gt;&lt;td colspan="3"&gt;&lt;a href="appium-screenshot-9.png"&gt;&lt;img src="appium-screenshot-9.png" width="800px"&gt;&lt;/a&gt;</msg>
<status status="PASS" starttime="20220707 15:00:43.917" endtime="20220707 15:00:46.142"/>
</kw>
<msg timestamp="20220707 15:00:46.142" level="FAIL">Element '//android.widget.TextView[@text='Can we get a photo of your ID?']' did not appear in 5 seconds</msg>
<status status="FAIL" starttime="20220707 15:00:38.498" endtime="20220707 15:00:46.143"/>
</kw>
<kw name="Wait Until Page Contains Element" library="AppiumLibrary">
<arg>${Title_IDPhoto}</arg>
<doc>Waits until element specified with `locator` appears on current page.</doc>
<status status="PASS" starttime="20220707 15:00:47.152" endtime="20220707 15:00:48.263"/>
</kw>
<status status="PASS" starttime="20220707 14:59:39.371" endtime="20220707 15:00:48.263"/>
</kw>
<kw name="Swipe" library="AppiumLibrary">
<arg>1000</arg>
<arg>1000</arg>
<arg>1000</arg>
<arg>0</arg>
<arg>1000</arg>
<doc>Swipe from one point to another point, for an optional duration.</doc>
<status status="PASS" starttime="20220707 15:00:48.263" endtime="20220707 15:00:49.693"/>
</kw>
<kw name="Click Element" library="AppiumLibrary">
<arg>${Submit_IDPhoto}</arg>
<doc>Click element identified by `locator`.</doc>
<msg timestamp="20220707 15:00:49.700" level="INFO">Clicking element '//android.widget.Button[@resource-id='com.klivvr.consumer.qa:id/btn_kyc_scanId_submit']'.</msg>
<status status="PASS" starttime="20220707 15:00:49.693" endtime="20220707 15:00:49.824"/>
</kw>
<kw name="Wait Until Keyword Succeeds" library="BuiltIn">
<arg>100s</arg>
<arg>1s</arg>
<arg>wait until page contains element</arg>
<arg>${ShippingAddress_KYC}</arg>
<doc>Runs the specified keyword and retries if it fails.</doc>
<kw name="Wait Until Page Contains Element" library="AppiumLibrary">
<arg>${ShippingAddress_KYC}</arg>
<doc>Waits until element specified with `locator` appears on current page.</doc>
<status status="PASS" starttime="20220707 15:00:49.824" endtime="20220707 15:00:52.138"/>
</kw>
<status status="PASS" starttime="20220707 15:00:49.824" endtime="20220707 15:00:52.138"/>
</kw>
<kw name="Click Element" library="AppiumLibrary">
<arg>${ShippingAddress_KYC}</arg>
<doc>Click element identified by `locator`.</doc>
<msg timestamp="20220707 15:00:52.146" level="INFO">Clicking element '//android.view.ViewGroup[@resource-id='com.klivvr.consumer.qa:id/cl_btn_shippingAddress']'.</msg>
<status status="PASS" starttime="20220707 15:00:52.138" endtime="20220707 15:00:52.266"/>
</kw>
<kw name="Wait Until Page Contains Element" library="AppiumLibrary">
<arg>${Title_ShippingAddress}</arg>
<doc>Waits until element specified with `locator` appears on current page.</doc>
<status status="PASS" starttime="20220707 15:00:52.266" endtime="20220707 15:00:52.827"/>
</kw>
<kw name="Click Element" library="AppiumLibrary">
<arg>${DifferentAddressRadioButton_ShippingAddress}</arg>
<doc>Click element identified by `locator`.</doc>
<msg timestamp="20220707 15:00:52.834" level="INFO">Clicking element '//android.widget.RadioButton[@resource-id='com.klivvr.consumer.qa:id/rb_shippingAddress_different']'.</msg>
<status status="PASS" starttime="20220707 15:00:52.828" endtime="20220707 15:00:53.411"/>
</kw>
<kw name="Wait Until Page Contains Element" library="AppiumLibrary">
<arg>${Address_ShippingAddress}</arg>
<doc>Waits until element specified with `locator` appears on current page.</doc>
<status status="PASS" starttime="20220707 15:00:53.412" endtime="20220707 15:00:53.649"/>
</kw>
<kw name="Input Text" library="AppiumLibrary">
<arg>${Address_ShippingAddress}</arg>
<arg>${Address_ShippingAddressData}</arg>
<doc>Types the given `text` into text field identified by `locator`.</doc>
<msg timestamp="20220707 15:00:53.654" level="INFO">Typing text 'Flat 55, Building 22, Cairo' into text field '//android.widget.EditText[@resource-id='com.klivvr.consumer.qa:id/textInputET_address']'</msg>
<status status="PASS" starttime="20220707 15:00:53.649" endtime="20220707 15:00:55.260"/>
</kw>
<kw name="Input Text" library="AppiumLibrary">
<arg>${Govornerate_ShippingAddress}</arg>
<arg>${Govornerate_ShippingAddressData}</arg>
<doc>Types the given `text` into text field identified by `locator`.</doc>
<msg timestamp="20220707 15:00:55.269" level="INFO">Typing text 'Red Sea' into text field '//android.widget.Spinner[@resource-id='com.klivvr.consumer.qa:id/textInputET_governorate']'</msg>
<status status="PASS" starttime="20220707 15:00:55.261" endtime="20220707 15:00:56.043"/>
</kw>
<kw name="Click Element" library="AppiumLibrary">
<arg>${Govornerate_ShippingAddress}</arg>
<doc>Click element identified by `locator`.</doc>
<msg timestamp="20220707 15:00:56.056" level="INFO">Clicking element '//android.widget.Spinner[@resource-id='com.klivvr.consumer.qa:id/textInputET_governorate']'.</msg>
<status status="PASS" starttime="20220707 15:00:56.044" endtime="20220707 15:00:56.941"/>
</kw>
<kw name="Click Element" library="AppiumLibrary">
<arg>${Area/District_ShippingAddress}</arg>
<doc>Click element identified by `locator`.</doc>
<msg timestamp="20220707 15:00:56.947" level="INFO">Clicking element '//android.widget.Spinner[@resource-id='com.klivvr.consumer.qa:id/textInputET_area']'.</msg>
<status status="PASS" starttime="20220707 15:00:56.941" endtime="20220707 15:00:59.363"/>
</kw>
<kw name="Input Text" library="AppiumLibrary">
<arg>${Area/District_ShippingAddress}</arg>
<arg>${Area/District_ShippingAddressData}</arg>
<doc>Types the given `text` into text field identified by `locator`.</doc>
<msg timestamp="20220707 15:00:59.367" level="INFO">Typing text 'Hurghada' into text field '//android.widget.Spinner[@resource-id='com.klivvr.consumer.qa:id/textInputET_area']'</msg>
<status status="PASS" starttime="20220707 15:00:59.363" endtime="20220707 15:01:00.011"/>
</kw>
<kw name="Click Element" library="AppiumLibrary">
<arg>${Area/District_ShippingAddress}</arg>
<doc>Click element identified by `locator`.</doc>
<msg timestamp="20220707 15:01:00.016" level="INFO">Clicking element '//android.widget.Spinner[@resource-id='com.klivvr.consumer.qa:id/textInputET_area']'.</msg>
<status status="PASS" starttime="20220707 15:01:00.011" endtime="20220707 15:01:01.247"/>
</kw>
<kw name="Click Element" library="AppiumLibrary">
<arg>${Country_ShippingAddress}</arg>
<doc>Click element identified by `locator`.</doc>
<msg timestamp="20220707 15:01:01.260" level="INFO">Clicking element '//android.widget.LinearLayout[@resource-id='com.klivvr.consumer.qa:id/textInputLayout_country']'.</msg>
<status status="PASS" starttime="20220707 15:01:01.247" endtime="20220707 15:01:03.463"/>
</kw>
<kw name="Swipe" library="AppiumLibrary">
<arg>1000</arg>
<arg>1000</arg>
<arg>1000</arg>
<arg>0</arg>
<arg>1000</arg>
<doc>Swipe from one point to another point, for an optional duration.</doc>
<status status="PASS" starttime="20220707 15:01:03.463" endtime="20220707 15:01:06.390"/>
</kw>
<kw name="Click Element" library="AppiumLibrary">
<arg>${Submit_ShippingAddress}</arg>
<doc>Click element identified by `locator`.</doc>
<msg timestamp="20220707 15:01:06.395" level="INFO">Clicking element '//android.widget.Button[@resource-id='com.klivvr.consumer.qa:id/btn_kyc_shippingAddress_continue']'.</msg>
<status status="PASS" starttime="20220707 15:01:06.390" endtime="20220707 15:01:08.344"/>
</kw>
<status status="PASS" starttime="20220707 14:56:19.365" endtime="20220707 15:01:08.345"/>
</kw>
<status status="PASS" starttime="20220707 14:56:19.360" endtime="20220707 15:01:08.346"/>
</test>
<status status="PASS" starttime="20220707 14:56:17.291" endtime="20220707 15:01:08.350"/>
</suite>
<statistics>
<total>
<stat pass="1" fail="0" skip="0">All Tests</stat>
</total>
<tag>
</tag>
<suite>
<stat pass="1" fail="0" skip="0" id="s1" name="T KYC">T KYC</stat>
</suite>
</statistics>
<errors>
</errors>
</robot>
